This file contains any messages produced by compilers while
running configure, to aid debugging if configure makes a mistake.

It was created by gvpn_gtk configure 0.1, which was
generated by GNU Autoconf 2.61.  Invocation command line was

  $ ./configure --enable-maintainer-mode

## --------- ##
## Platform. ##
## --------- ##

hostname = punkoff
uname -m = i686
uname -r = 2.6.24-16-generic
uname -s = Linux
uname -v = #1 SMP Thu Apr 10 13:23:42 UTC 2008

/usr/bin/uname -p = unknown
/bin/uname -X     = unknown

/bin/arch              = unknown
/usr/bin/arch -k       = unknown
/usr/convex/getsysinfo = unknown
/usr/bin/hostinfo      = unknown
/bin/machine           = unknown
/usr/bin/oslevel       = unknown
/bin/universe          = unknown

PATH: /usr/local/sbin
PATH: /usr/local/bin
PATH: /usr/sbin
PATH: /usr/bin
PATH: /sbin
PATH: /bin
PATH: /usr/games


## ----------- ##
## Core tests. ##
## ----------- ##

configure:1839: checking for a BSD-compatible install
configure:1895: result: /usr/bin/install -c
configure:1906: checking whether build environment is sane
configure:1949: result: yes
configure:1977: checking for a thread-safe mkdir -p
configure:2016: result: /bin/mkdir -p
configure:2029: checking for gawk
configure:2045: found /usr/bin/gawk
configure:2056: result: gawk
configure:2067: checking whether make sets $(MAKE)
configure:2088: result: yes
configure:2278: checking whether to enable maintainer-specific portions of Makefiles
configure:2287: result: yes
configure:2313: checking for style of include used by make
configure:2341: result: GNU
configure:2411: checking for gcc
configure:2427: found /usr/bin/gcc
configure:2438: result: gcc
configure:2676: checking for C compiler version
configure:2683: gcc --version >&5
gcc (GCC) 4.2.3 (Ubuntu 4.2.3-2ubuntu7)
Copyright (C) 2007 Free Software Foundation, Inc.
This is free software; see the source for copying conditions.  There is NO
warranty; not even for MERCHANTABILITY or FITNESS FOR A PARTICULAR PURPOSE.

configure:2686: $? = 0
configure:2693: gcc -v >&5
Using built-in specs.
Target: i486-linux-gnu
Configured with: ../src/configure -v --enable-languages=c,c++,fortran,objc,obj-c++,treelang --prefix=/usr --enable-shared --with-system-zlib --libexecdir=/usr/lib --without-included-gettext --enable-threads=posix --enable-nls --with-gxx-include-dir=/usr/include/c++/4.2 --program-suffix=-4.2 --enable-clocale=gnu --enable-libstdcxx-debug --enable-objc-gc --enable-mpfr --enable-targets=all --enable-checking=release --build=i486-linux-gnu --host=i486-linux-gnu --target=i486-linux-gnu
Thread model: posix
gcc version 4.2.3 (Ubuntu 4.2.3-2ubuntu7)
configure:2696: $? = 0
configure:2703: gcc -V >&5
gcc: '-V' option must have argument
configure:2706: $? = 1
configure:2729: checking for C compiler default output file name
configure:2756: gcc    conftest.c  >&5
configure:2759: $? = 0
configure:2797: result: a.out
configure:2814: checking whether the C compiler works
configure:2824: ./a.out
configure:2827: $? = 0
configure:2844: result: yes
configure:2851: checking whether we are cross compiling
configure:2853: result: no
configure:2856: checking for suffix of executables
configure:2863: gcc -o conftest    conftest.c  >&5
configure:2866: $? = 0
configure:2890: result: 
configure:2896: checking for suffix of object files
configure:2922: gcc -c   conftest.c >&5
configure:2925: $? = 0
configure:2948: result: o
configure:2952: checking whether we are using the GNU C compiler
configure:2981: gcc -c   conftest.c >&5
configure:2987: $? = 0
configure:3004: result: yes
configure:3009: checking whether gcc accepts -g
configure:3039: gcc -c -g  conftest.c >&5
configure:3045: $? = 0
configure:3144: result: yes
configure:3161: checking for gcc option to accept ISO C89
configure:3235: gcc  -c -g -O2  conftest.c >&5
configure:3241: $? = 0
configure:3264: result: none needed
configure:3284: checking dependency style of gcc
configure:3375: result: gcc3
configure:3391: checking for library containing strerror
configure:3432: gcc -o conftest -g -O2   conftest.c  >&5
configure:3438: $? = 0
configure:3466: result: none required
configure:3532: checking for g++
configure:3548: found /usr/bin/g++
configure:3559: result: g++
configure:3590: checking for C++ compiler version
configure:3597: g++ --version >&5
g++ (GCC) 4.2.3 (Ubuntu 4.2.3-2ubuntu7)
Copyright (C) 2007 Free Software Foundation, Inc.
This is free software; see the source for copying conditions.  There is NO
warranty; not even for MERCHANTABILITY or FITNESS FOR A PARTICULAR PURPOSE.

configure:3600: $? = 0
configure:3607: g++ -v >&5
Using built-in specs.
Target: i486-linux-gnu
Configured with: ../src/configure -v --enable-languages=c,c++,fortran,objc,obj-c++,treelang --prefix=/usr --enable-shared --with-system-zlib --libexecdir=/usr/lib --without-included-gettext --enable-threads=posix --enable-nls --with-gxx-include-dir=/usr/include/c++/4.2 --program-suffix=-4.2 --enable-clocale=gnu --enable-libstdcxx-debug --enable-objc-gc --enable-mpfr --enable-targets=all --enable-checking=release --build=i486-linux-gnu --host=i486-linux-gnu --target=i486-linux-gnu
Thread model: posix
gcc version 4.2.3 (Ubuntu 4.2.3-2ubuntu7)
configure:3610: $? = 0
configure:3617: g++ -V >&5
g++: '-V' option must have argument
configure:3620: $? = 1
configure:3623: checking whether we are using the GNU C++ compiler
configure:3652: g++ -c   conftest.cpp >&5
configure:3658: $? = 0
configure:3675: result: yes
configure:3680: checking whether g++ accepts -g
configure:3710: g++ -c -g  conftest.cpp >&5
configure:3716: $? = 0
configure:3815: result: yes
configure:3840: checking dependency style of g++
configure:3931: result: gcc3
configure:3994: checking for gcc
configure:4021: result: gcc
configure:4259: checking for C compiler version
configure:4266: gcc --version >&5
gcc (GCC) 4.2.3 (Ubuntu 4.2.3-2ubuntu7)
Copyright (C) 2007 Free Software Foundation, Inc.
This is free software; see the source for copying conditions.  There is NO
warranty; not even for MERCHANTABILITY or FITNESS FOR A PARTICULAR PURPOSE.

configure:4269: $? = 0
configure:4276: gcc -v >&5
Using built-in specs.
Target: i486-linux-gnu
Configured with: ../src/configure -v --enable-languages=c,c++,fortran,objc,obj-c++,treelang --prefix=/usr --enable-shared --with-system-zlib --libexecdir=/usr/lib --without-included-gettext --enable-threads=posix --enable-nls --with-gxx-include-dir=/usr/include/c++/4.2 --program-suffix=-4.2 --enable-clocale=gnu --enable-libstdcxx-debug --enable-objc-gc --enable-mpfr --enable-targets=all --enable-checking=release --build=i486-linux-gnu --host=i486-linux-gnu --target=i486-linux-gnu
Thread model: posix
gcc version 4.2.3 (Ubuntu 4.2.3-2ubuntu7)
configure:4279: $? = 0
configure:4286: gcc -V >&5
gcc: '-V' option must have argument
configure:4289: $? = 1
configure:4292: checking whether we are using the GNU C compiler
configure:4344: result: yes
configure:4349: checking whether gcc accepts -g
configure:4484: result: yes
configure:4501: checking for gcc option to accept ISO C89
configure:4604: result: none needed
configure:4624: checking dependency style of gcc
configure:4715: result: gcc3
configure:4738: checking how to run the C preprocessor
configure:4778: gcc -E  conftest.c
configure:4784: $? = 0
configure:4815: gcc -E  conftest.c
conftest.c:10:28: error: ac_nonexistent.h: No such file or directory
configure:4821: $? = 1
configure: failed program was:
| /* confdefs.h.  */
| #define PACKAGE_NAME "gvpn_gtk"
| #define PACKAGE_TARNAME "gvpn_gtk"
| #define PACKAGE_VERSION "0.1"
| #define PACKAGE_STRING "gvpn_gtk 0.1"
| #define PACKAGE_BUGREPORT ""
| #define PACKAGE "gvpn_gtk"
| #define VERSION "0.1"
| /* end confdefs.h.  */
| #include <ac_nonexistent.h>
configure:4854: result: gcc -E
configure:4883: gcc -E  conftest.c
configure:4889: $? = 0
configure:4920: gcc -E  conftest.c
conftest.c:10:28: error: ac_nonexistent.h: No such file or directory
configure:4926: $? = 1
configure: failed program was:
| /* confdefs.h.  */
| #define PACKAGE_NAME "gvpn_gtk"
| #define PACKAGE_TARNAME "gvpn_gtk"
| #define PACKAGE_VERSION "0.1"
| #define PACKAGE_STRING "gvpn_gtk 0.1"
| #define PACKAGE_BUGREPORT ""
| #define PACKAGE "gvpn_gtk"
| #define VERSION "0.1"
| /* end confdefs.h.  */
| #include <ac_nonexistent.h>
configure:4964: checking for grep that handles long lines and -e
configure:5038: result: /bin/grep
configure:5043: checking for egrep
configure:5121: result: /bin/grep -E
configure:5126: checking for ANSI C header files
configure:5156: gcc -c -g -O2  conftest.c >&5
configure:5162: $? = 0
configure:5261: gcc -o conftest -g -O2   conftest.c  >&5
configure:5264: $? = 0
configure:5270: ./conftest
configure:5273: $? = 0
configure:5290: result: yes
configure:5325: checking for sys/types.h
configure:5346: gcc -c -g -O2  conftest.c >&5
configure:5352: $? = 0
configure:5368: result: yes
configure:5325: checking for sys/stat.h
configure:5346: gcc -c -g -O2  conftest.c >&5
configure:5352: $? = 0
configure:5368: result: yes
configure:5325: checking for stdlib.h
configure:5346: gcc -c -g -O2  conftest.c >&5
configure:5352: $? = 0
configure:5368: result: yes
configure:5325: checking for string.h
configure:5346: gcc -c -g -O2  conftest.c >&5
configure:5352: $? = 0
configure:5368: result: yes
configure:5325: checking for memory.h
configure:5346: gcc -c -g -O2  conftest.c >&5
configure:5352: $? = 0
configure:5368: result: yes
configure:5325: checking for strings.h
configure:5346: gcc -c -g -O2  conftest.c >&5
configure:5352: $? = 0
configure:5368: result: yes
configure:5325: checking for inttypes.h
configure:5346: gcc -c -g -O2  conftest.c >&5
configure:5352: $? = 0
configure:5368: result: yes
configure:5325: checking for stdint.h
configure:5346: gcc -c -g -O2  conftest.c >&5
configure:5352: $? = 0
configure:5368: result: yes
configure:5325: checking for unistd.h
configure:5346: gcc -c -g -O2  conftest.c >&5
configure:5352: $? = 0
configure:5368: result: yes
configure:5396: checking locale.h usability
configure:5413: gcc -c -g -O2  conftest.c >&5
configure:5419: $? = 0
configure:5433: result: yes
configure:5437: checking locale.h presence
configure:5452: gcc -E  conftest.c
configure:5458: $? = 0
configure:5472: result: yes
configure:5500: checking for locale.h
configure:5508: result: yes
configure:5522: checking for LC_MESSAGES
configure:5548: gcc -o conftest -g -O2   conftest.c  >&5
configure:5554: $? = 0
configure:5571: result: yes
configure:5600: checking libintl.h usability
configure:5617: gcc -c -g -O2  conftest.c >&5
configure:5623: $? = 0
configure:5637: result: yes
configure:5641: checking libintl.h presence
configure:5656: gcc -E  conftest.c
configure:5662: $? = 0
configure:5676: result: yes
configure:5704: checking for libintl.h
configure:5711: result: yes
configure:5722: checking for ngettext in libc
configure:5750: gcc -o conftest -g -O2   conftest.c  >&5
configure:5756: $? = 0
configure:5774: result: yes
configure:5778: checking for dgettext in libc
configure:5806: gcc -o conftest -g -O2   conftest.c  >&5
configure:5812: $? = 0
configure:5830: result: yes
configure:5839: checking for bind_textdomain_codeset
configure:5895: gcc -o conftest -g -O2   conftest.c  >&5
configure:5901: $? = 0
configure:5919: result: yes
configure:6406: checking for msgfmt
configure:6433: result: /usr/bin/msgfmt
configure:6446: checking for dcgettext
configure:6502: gcc -o conftest -g -O2   conftest.c   >&5
conftest.c:48: warning: conflicting types for built-in function 'dcgettext'
configure:6508: $? = 0
configure:6526: result: yes
configure:6537: checking if msgfmt accepts -c
configure:6552: $MSGFMT -c -o /dev/null conftest.foo
configure:6555: $? = 0
configure:6557: result: yes
configure:6567: checking for gmsgfmt
configure:6598: result: /usr/bin/msgfmt
configure:6608: checking for xgettext
configure:6635: result: /usr/bin/xgettext
configure:6664: gcc -o conftest -g -O2   conftest.c   >&5
configure:6670: $? = 0
configure:6908: checking for intltool >= 0.35.0
configure:6915: result: 0.37.1 found
configure:6966: checking for xgettext
configure:6996: result: /usr/bin/xgettext
configure:7006: checking for msgmerge
configure:7024: found /usr/bin/msgmerge
configure:7036: result: /usr/bin/msgmerge
configure:7046: checking for msgfmt
configure:7076: result: /usr/bin/msgfmt
configure:7108: checking for perl
configure:7126: found /usr/bin/perl
configure:7138: result: /usr/bin/perl
configure:7157: checking for XML::Parser
configure:7160: result: ok
configure:7376: checking for pkg-config
configure:7394: found /usr/bin/pkg-config
configure:7406: result: /usr/bin/pkg-config
configure:7435: checking pkg-config is at least version 0.9.0
configure:7438: result: yes
configure:7449: checking for GVPN_GTK
configure:7457: $PKG_CONFIG --exists --print-errors "gtkmm-2.4 >= 2.8 libglademm-2.4 >= 2.6    "
configure:7460: $? = 0
configure:7475: $PKG_CONFIG --exists --print-errors "gtkmm-2.4 >= 2.8 libglademm-2.4 >= 2.6    "
configure:7478: $? = 0
configure:7554: result: yes
configure:7705: creating ./config.status

## ---------------------- ##
## Running config.status. ##
## ---------------------- ##

This file was extended by gvpn_gtk config.status 0.1, which was
generated by GNU Autoconf 2.61.  Invocation command line was

  CONFIG_FILES    = 
  CONFIG_HEADERS  = 
  CONFIG_LINKS    = 
  CONFIG_COMMANDS = 
  $ ./config.status 

on punkoff

config.status:701: creating Makefile
config.status:701: creating src/Makefile
config.status:701: creating po/Makefile.in
config.status:701: creating config.h
config.status:934: config.h is unchanged
config.status:981: executing depfiles commands
config.status:981: executing default-1 commands
config.status:981: executing intltool commands
config.status:981: executing po/stamp-it commands

## ---------------- ##
## Cache variables. ##
## ---------------- ##

ac_cv_c_compiler_gnu=yes
ac_cv_cxx_compiler_gnu=yes
ac_cv_env_CCC_set=
ac_cv_env_CCC_value=
ac_cv_env_CC_set=
ac_cv_env_CC_value=
ac_cv_env_CFLAGS_set=
ac_cv_env_CFLAGS_value=
ac_cv_env_CPPFLAGS_set=
ac_cv_env_CPPFLAGS_value=
ac_cv_env_CPP_set=
ac_cv_env_CPP_value=
ac_cv_env_CXXFLAGS_set=
ac_cv_env_CXXFLAGS_value=
ac_cv_env_CXX_set=
ac_cv_env_CXX_value=
ac_cv_env_GVPN_GTK_CFLAGS_set=
ac_cv_env_GVPN_GTK_CFLAGS_value=
ac_cv_env_GVPN_GTK_LIBS_set=
ac_cv_env_GVPN_GTK_LIBS_value=
ac_cv_env_LDFLAGS_set=
ac_cv_env_LDFLAGS_value=
ac_cv_env_LIBS_set=
ac_cv_env_LIBS_value=
ac_cv_env_PKG_CONFIG_set=
ac_cv_env_PKG_CONFIG_value=
ac_cv_env_build_alias_set=
ac_cv_env_build_alias_value=
ac_cv_env_host_alias_set=
ac_cv_env_host_alias_value=
ac_cv_env_target_alias_set=
ac_cv_env_target_alias_value=
ac_cv_func_bind_textdomain_codeset=yes
ac_cv_func_dcgettext=yes
ac_cv_header_inttypes_h=yes
ac_cv_header_libintl_h=yes
ac_cv_header_locale_h=yes
ac_cv_header_memory_h=yes
ac_cv_header_stdc=yes
ac_cv_header_stdint_h=yes
ac_cv_header_stdlib_h=yes
ac_cv_header_string_h=yes
ac_cv_header_strings_h=yes
ac_cv_header_sys_stat_h=yes
ac_cv_header_sys_types_h=yes
ac_cv_header_unistd_h=yes
ac_cv_objext=o
ac_cv_path_EGREP='/bin/grep -E'
ac_cv_path_GMSGFMT=/usr/bin/msgfmt
ac_cv_path_GREP=/bin/grep
ac_cv_path_INTLTOOL_PERL=/usr/bin/perl
ac_cv_path_MSGFMT=/usr/bin/msgfmt
ac_cv_path_MSGMERGE=/usr/bin/msgmerge
ac_cv_path_XGETTEXT=/usr/bin/xgettext
ac_cv_path_ac_pt_PKG_CONFIG=/usr/bin/pkg-config
ac_cv_path_install='/usr/bin/install -c'
ac_cv_path_mkdir=/bin/mkdir
ac_cv_prog_AWK=gawk
ac_cv_prog_CPP='gcc -E'
ac_cv_prog_ac_ct_CC=gcc
ac_cv_prog_ac_ct_CXX=g++
ac_cv_prog_cc_c89=
ac_cv_prog_cc_g=yes
ac_cv_prog_cxx_g=yes
ac_cv_prog_make_make_set=yes
ac_cv_search_strerror='none required'
am_cv_CC_dependencies_compiler_type=gcc3
am_cv_CXX_dependencies_compiler_type=gcc3
am_cv_prog_cc_stdc=
am_cv_val_LC_MESSAGES=yes
gt_cv_func_dgettext_libc=yes
gt_cv_func_dgettext_libintl=no
gt_cv_func_ngettext_libc=yes
gt_cv_have_gettext=yes
pkg_cv_GVPN_GTK_CFLAGS='-I/usr/include/gtkmm-2.4 -I/usr/lib/gtkmm-2.4/include -I/usr/include/glibmm-2.4 -I/usr/lib/glibmm-2.4/include -I/usr/include/gdkmm-2.4 -I/usr/lib/gdkmm-2.4/include -I/usr/include/pangomm-1.4 -I/usr/include/atkmm-1.6 -I/usr/include/gtk-2.0 -I/usr/include/sigc++-2.0 -I/usr/lib/sigc++-2.0/include -I/usr/include/glib-2.0 -I/usr/lib/glib-2.0/include -I/usr/lib/gtk-2.0/include -I/usr/include/cairomm-1.0 -I/usr/include/pango-1.0 -I/usr/include/cairo -I/usr/include/freetype2 -I/usr/include/libpng12 -I/usr/include/pixman-1 -I/usr/include/atk-1.0 -I/usr/include/libglademm-2.4 -I/usr/lib/libglademm-2.4/include -I/usr/include/libglade-2.0 -I/usr/include/libxml2  '
pkg_cv_GVPN_GTK_LIBS='-lglademm-2.4 -lgtkmm-2.4 -lglade-2.0 -lgdkmm-2.4 -latkmm-1.6 -lpangomm-1.4 -lcairomm-1.0 -lglibmm-2.4 -lsigc-2.0 -lgtk-x11-2.0 -lxml2 -lgdk-x11-2.0 -latk-1.0 -lgdk_pixbuf-2.0 -lm -lpangocairo-1.0 -lpango-1.0 -lcairo -lgobject-2.0 -lgmodule-2.0 -ldl -lglib-2.0  '

## ----------------- ##
## Output variables. ##
## ----------------- ##

ACLOCAL='${SHELL} /home/john/work/gvpn/gvpn-gtk/missing --run aclocal-1.10'
ALL_LINGUAS=''
AMDEPBACKSLASH='\'
AMDEP_FALSE='#'
AMDEP_TRUE=''
AMTAR='${SHELL} /home/john/work/gvpn/gvpn-gtk/missing --run tar'
AUTOCONF='${SHELL} /home/john/work/gvpn/gvpn-gtk/missing --run autoconf'
AUTOHEADER='${SHELL} /home/john/work/gvpn/gvpn-gtk/missing --run autoheader'
AUTOMAKE='${SHELL} /home/john/work/gvpn/gvpn-gtk/missing --run automake-1.10'
AWK='gawk'
CATALOGS=''
CATOBJEXT='.gmo'
CC='gcc'
CCDEPMODE='depmode=gcc3'
CFLAGS='-g -O2'
CPP='gcc -E'
CPPFLAGS=''
CXX='g++'
CXXDEPMODE='depmode=gcc3'
CXXFLAGS='-g -O2'
CYGPATH_W='echo'
DATADIRNAME='share'
DEFS='-DHAVE_CONFIG_H'
DEPDIR='.deps'
ECHO_C=''
ECHO_N='-n'
ECHO_T=''
EGREP='/bin/grep -E'
EXEEXT=''
GETTEXT_PACKAGE='gvpn_gtk'
GMOFILES=''
GMSGFMT='/usr/bin/msgfmt'
GREP='/bin/grep'
GVPN_GTK_CFLAGS='-I/usr/include/gtkmm-2.4 -I/usr/lib/gtkmm-2.4/include -I/usr/include/glibmm-2.4 -I/usr/lib/glibmm-2.4/include -I/usr/include/gdkmm-2.4 -I/usr/lib/gdkmm-2.4/include -I/usr/include/pangomm-1.4 -I/usr/include/atkmm-1.6 -I/usr/include/gtk-2.0 -I/usr/include/sigc++-2.0 -I/usr/lib/sigc++-2.0/include -I/usr/include/glib-2.0 -I/usr/lib/glib-2.0/include -I/usr/lib/gtk-2.0/include -I/usr/include/cairomm-1.0 -I/usr/include/pango-1.0 -I/usr/include/cairo -I/usr/include/freetype2 -I/usr/include/libpng12 -I/usr/include/pixman-1 -I/usr/include/atk-1.0 -I/usr/include/libglademm-2.4 -I/usr/lib/libglademm-2.4/include -I/usr/include/libglade-2.0 -I/usr/include/libxml2  '
GVPN_GTK_LIBS='-lglademm-2.4 -lgtkmm-2.4 -lglade-2.0 -lgdkmm-2.4 -latkmm-1.6 -lpangomm-1.4 -lcairomm-1.0 -lglibmm-2.4 -lsigc-2.0 -lgtk-x11-2.0 -lxml2 -lgdk-x11-2.0 -latk-1.0 -lgdk_pixbuf-2.0 -lm -lpangocairo-1.0 -lpango-1.0 -lcairo -lgobject-2.0 -lgmodule-2.0 -ldl -lglib-2.0  '
INSTALL_DATA='${INSTALL} -m 644'
INSTALL_PROGRAM='${INSTALL}'
INSTALL_SCRIPT='${INSTALL}'
INSTALL_STRIP_PROGRAM='$(install_sh) -c -s'
INSTOBJEXT='.mo'
INTLLIBS=''
INTLTOOL_CAVES_RULE='%.caves:     %.caves.in     $(INTLTOOL_MERGE) $(wildcard $(top_srcdir)/po/*.po) ; LC_ALL=C $(INTLTOOL_MERGE) -d -u -c $(top_builddir)/po/.intltool-merge-cache $(top_srcdir)/po $< $@'
INTLTOOL_DESKTOP_RULE='%.desktop:   %.desktop.in   $(INTLTOOL_MERGE) $(wildcard $(top_srcdir)/po/*.po) ; LC_ALL=C $(INTLTOOL_MERGE) -d -u -c $(top_builddir)/po/.intltool-merge-cache $(top_srcdir)/po $< $@'
INTLTOOL_DIRECTORY_RULE='%.directory: %.directory.in $(INTLTOOL_MERGE) $(wildcard $(top_srcdir)/po/*.po) ; LC_ALL=C $(INTLTOOL_MERGE) -d -u -c $(top_builddir)/po/.intltool-merge-cache $(top_srcdir)/po $< $@'
INTLTOOL_EXTRACT='$(top_builddir)/intltool-extract'
INTLTOOL_KBD_RULE='%.kbd:       %.kbd.in       $(INTLTOOL_MERGE) $(wildcard $(top_srcdir)/po/*.po) ; LC_ALL=C $(INTLTOOL_MERGE) -x -u -m -c $(top_builddir)/po/.intltool-merge-cache $(top_srcdir)/po $< $@'
INTLTOOL_KEYS_RULE='%.keys:      %.keys.in      $(INTLTOOL_MERGE) $(wildcard $(top_srcdir)/po/*.po) ; LC_ALL=C $(INTLTOOL_MERGE) -k -u -c $(top_builddir)/po/.intltool-merge-cache $(top_srcdir)/po $< $@'
INTLTOOL_MERGE='$(top_builddir)/intltool-merge'
INTLTOOL_OAF_RULE='%.oaf:       %.oaf.in       $(INTLTOOL_MERGE) $(wildcard $(top_srcdir)/po/*.po) ; LC_ALL=C $(INTLTOOL_MERGE) -o -p $(top_srcdir)/po $< $@'
INTLTOOL_PERL='/usr/bin/perl'
INTLTOOL_POLICY_RULE='%.policy:    %.policy.in    $(INTLTOOL_MERGE) $(wildcard $(top_srcdir)/po/*.po) ; LC_ALL=C $(INTLTOOL_MERGE) -x -u -c $(top_builddir)/po/.intltool-merge-cache $(top_srcdir)/po $< $@'
INTLTOOL_PONG_RULE='%.pong:      %.pong.in      $(INTLTOOL_MERGE) $(wildcard $(top_srcdir)/po/*.po) ; LC_ALL=C $(INTLTOOL_MERGE) -x -u -c $(top_builddir)/po/.intltool-merge-cache $(top_srcdir)/po $< $@'
INTLTOOL_PROP_RULE='%.prop:      %.prop.in      $(INTLTOOL_MERGE) $(wildcard $(top_srcdir)/po/*.po) ; LC_ALL=C $(INTLTOOL_MERGE) -d -u -c $(top_builddir)/po/.intltool-merge-cache $(top_srcdir)/po $< $@'
INTLTOOL_SCHEMAS_RULE='%.schemas:   %.schemas.in   $(INTLTOOL_MERGE) $(wildcard $(top_srcdir)/po/*.po) ; LC_ALL=C $(INTLTOOL_MERGE) -s -u -c $(top_builddir)/po/.intltool-merge-cache $(top_srcdir)/po $< $@'
INTLTOOL_SERVER_RULE='%.server:    %.server.in    $(INTLTOOL_MERGE) $(wildcard $(top_srcdir)/po/*.po) ; LC_ALL=C $(INTLTOOL_MERGE) -o -u -c $(top_builddir)/po/.intltool-merge-cache $(top_srcdir)/po $< $@'
INTLTOOL_SERVICE_RULE='%.service: %.service.in   $(INTLTOOL_MERGE) $(wildcard $(top_srcdir)/po/*.po) ; LC_ALL=C $(INTLTOOL_MERGE) -d -u -c $(top_builddir)/po/.intltool-merge-cache $(top_srcdir)/po $< $@'
INTLTOOL_SHEET_RULE='%.sheet:     %.sheet.in     $(INTLTOOL_MERGE) $(wildcard $(top_srcdir)/po/*.po) ; LC_ALL=C $(INTLTOOL_MERGE) -x -u -c $(top_builddir)/po/.intltool-merge-cache $(top_srcdir)/po $< $@'
INTLTOOL_SOUNDLIST_RULE='%.soundlist: %.soundlist.in $(INTLTOOL_MERGE) $(wildcard $(top_srcdir)/po/*.po) ; LC_ALL=C $(INTLTOOL_MERGE) -d -u -c $(top_builddir)/po/.intltool-merge-cache $(top_srcdir)/po $< $@'
INTLTOOL_THEME_RULE='%.theme:     %.theme.in     $(INTLTOOL_MERGE) $(wildcard $(top_srcdir)/po/*.po) ; LC_ALL=C $(INTLTOOL_MERGE) -d -u -c $(top_builddir)/po/.intltool-merge-cache $(top_srcdir)/po $< $@'
INTLTOOL_UI_RULE='%.ui:        %.ui.in        $(INTLTOOL_MERGE) $(wildcard $(top_srcdir)/po/*.po) ; LC_ALL=C $(INTLTOOL_MERGE) -x -u -c $(top_builddir)/po/.intltool-merge-cache $(top_srcdir)/po $< $@'
INTLTOOL_UPDATE='$(top_builddir)/intltool-update'
INTLTOOL_XAM_RULE='%.xam:       %.xml.in       $(INTLTOOL_MERGE) $(wildcard $(top_srcdir)/po/*.po) ; LC_ALL=C $(INTLTOOL_MERGE) -x -u -c $(top_builddir)/po/.intltool-merge-cache $(top_srcdir)/po $< $@'
INTLTOOL_XML_NOMERGE_RULE='%.xml:       %.xml.in       $(INTLTOOL_MERGE) ; LC_ALL=C $(INTLTOOL_MERGE) -x -u /tmp $< $@'
INTLTOOL_XML_RULE='%.xml:       %.xml.in       $(INTLTOOL_MERGE) $(wildcard $(top_srcdir)/po/*.po) ; LC_ALL=C $(INTLTOOL_MERGE) -x -u -c $(top_builddir)/po/.intltool-merge-cache $(top_srcdir)/po $< $@'
LDFLAGS=''
LIBOBJS=''
LIBS=''
LTLIBOBJS=''
MAINT=''
MAINTAINER_MODE_FALSE='#'
MAINTAINER_MODE_TRUE=''
MAKEINFO='${SHELL} /home/john/work/gvpn/gvpn-gtk/missing --run makeinfo'
MKINSTALLDIRS='./mkinstalldirs'
MSGFMT='/usr/bin/msgfmt'
MSGFMT_OPTS='-c'
MSGMERGE='/usr/bin/msgmerge'
OBJEXT='o'
PACKAGE='gvpn_gtk'
PACKAGE_BUGREPORT=''
PACKAGE_NAME='gvpn_gtk'
PACKAGE_STRING='gvpn_gtk 0.1'
PACKAGE_TARNAME='gvpn_gtk'
PACKAGE_VERSION='0.1'
PATH_SEPARATOR=':'
PKG_CONFIG='/usr/bin/pkg-config'
POFILES=''
POSUB='po'
PO_IN_DATADIR_FALSE=''
PO_IN_DATADIR_TRUE=''
SET_MAKE=''
SHELL='/bin/bash'
STRIP=''
USE_NLS='yes'
VERSION='0.1'
XGETTEXT='/usr/bin/xgettext'
ac_ct_CC='gcc'
ac_ct_CXX='g++'
am__fastdepCC_FALSE='#'
am__fastdepCC_TRUE=''
am__fastdepCXX_FALSE='#'
am__fastdepCXX_TRUE=''
am__include='include'
am__isrc=''
am__leading_dot='.'
am__quote=''
am__tar='${AMTAR} chof - "$$tardir"'
am__untar='${AMTAR} xf -'
bindir='${exec_prefix}/bin'
build_alias=''
datadir='${datarootdir}'
datarootdir='${prefix}/share'
docdir='${datarootdir}/doc/${PACKAGE_TARNAME}'
dvidir='${docdir}'
exec_prefix='${prefix}'
host_alias=''
htmldir='${docdir}'
includedir='${prefix}/include'
infodir='${datarootdir}/info'
install_sh='$(SHELL) /home/john/work/gvpn/gvpn-gtk/install-sh'
libdir='${exec_prefix}/lib'
libexecdir='${exec_prefix}/libexec'
localedir='${datarootdir}/locale'
localstatedir='${prefix}/var'
mandir='${datarootdir}/man'
mkdir_p='/bin/mkdir -p'
oldincludedir='/usr/include'
pdfdir='${docdir}'
prefix='/usr/local'
program_transform_name='s,x,x,'
psdir='${docdir}'
sbindir='${exec_prefix}/sbin'
sharedstatedir='${prefix}/com'
sysconfdir='${prefix}/etc'
target_alias=''

## ----------- ##
## confdefs.h. ##
## ----------- ##

#define PACKAGE_NAME "gvpn_gtk"
#define PACKAGE_TARNAME "gvpn_gtk"
#define PACKAGE_VERSION "0.1"
#define PACKAGE_STRING "gvpn_gtk 0.1"
#define PACKAGE_BUGREPORT ""
#define PACKAGE "gvpn_gtk"
#define VERSION "0.1"
#define STDC_HEADERS 1
#define GETTEXT_PACKAGE "gvpn_gtk"
#define HAVE_SYS_TYPES_H 1
#define HAVE_SYS_STAT_H 1
#define HAVE_STDLIB_H 1
#define HAVE_STRING_H 1
#define HAVE_MEMORY_H 1
#define HAVE_STRINGS_H 1
#define HAVE_INTTYPES_H 1
#define HAVE_STDINT_H 1
#define HAVE_UNISTD_H 1
#define HAVE_LOCALE_H 1
#define HAVE_LC_MESSAGES 1
#define HAVE_BIND_TEXTDOMAIN_CODESET 1
#define HAVE_GETTEXT 1
#define HAVE_DCGETTEXT 1
#define ENABLE_NLS 1

configure: exit 0

## ---------------------- ##
## Running config.status. ##
## ---------------------- ##

This file was extended by gvpn_gtk config.status 0.1, which was
generated by GNU Autoconf 2.61.  Invocation command line was

  CONFIG_FILES    = 
  CONFIG_HEADERS  = 
  CONFIG_LINKS    = 
  CONFIG_COMMANDS = 
  $ ./config.status src/Makefile depfiles

on punkoff

config.status:701: creating src/Makefile
config.status:981: executing depfiles commands

## ---------------------- ##
## Running config.status. ##
## ---------------------- ##

This file was extended by gvpn_gtk config.status 0.1, which was
generated by GNU Autoconf 2.61.  Invocation command line was

  CONFIG_FILES    = 
  CONFIG_HEADERS  = 
  CONFIG_LINKS    = 
  CONFIG_COMMANDS = 
  $ ./config.status src/Makefile depfiles

on punkoff

config.status:701: creating src/Makefile
config.status:981: executing depfiles commands

## ---------------------- ##
## Running config.status. ##
## ---------------------- ##

This file was extended by gvpn_gtk config.status 0.1, which was
generated by GNU Autoconf 2.61.  Invocation command line was

  CONFIG_FILES    = 
  CONFIG_HEADERS  = 
  CONFIG_LINKS    = 
  CONFIG_COMMANDS = 
  $ ./config.status src/Makefile depfiles

on punkoff

config.status:701: creating src/Makefile
config.status:981: executing depfiles commands

## ---------------------- ##
## Running config.status. ##
## ---------------------- ##

This file was extended by gvpn_gtk config.status 0.1, which was
generated by GNU Autoconf 2.61.  Invocation command line was

  CONFIG_FILES    = 
  CONFIG_HEADERS  = 
  CONFIG_LINKS    = 
  CONFIG_COMMANDS = 
  $ ./config.status src/Makefile depfiles

on punkoff

config.status:701: creating src/Makefile
config.status:981: executing depfiles commands

## ---------------------- ##
## Running config.status. ##
## ---------------------- ##

This file was extended by gvpn_gtk config.status 0.1, which was
generated by GNU Autoconf 2.61.  Invocation command line was

  CONFIG_FILES    = 
  CONFIG_HEADERS  = 
  CONFIG_LINKS    = 
  CONFIG_COMMANDS = 
  $ ./config.status src/Makefile depfiles

on punkoff

config.status:701: creating src/Makefile
config.status:981: executing depfiles commands

## ---------------------- ##
## Running config.status. ##
## ---------------------- ##

This file was extended by gvpn_gtk config.status 0.1, which was
generated by GNU Autoconf 2.61.  Invocation command line was

  CONFIG_FILES    = 
  CONFIG_HEADERS  = 
  CONFIG_LINKS    = 
  CONFIG_COMMANDS = 
  $ ./config.status src/Makefile depfiles

on punkoff

config.status:701: creating src/Makefile
config.status:981: executing depfiles commands

## ---------------------- ##
## Running config.status. ##
## ---------------------- ##

This file was extended by gvpn_gtk config.status 0.1, which was
generated by GNU Autoconf 2.61.  Invocation command line was

  CONFIG_FILES    = 
  CONFIG_HEADERS  = 
  CONFIG_LINKS    = 
  CONFIG_COMMANDS = 
  $ ./config.status src/Makefile depfiles

on punkoff

config.status:701: creating src/Makefile
config.status:981: executing depfiles commands

## ---------------------- ##
## Running config.status. ##
## ---------------------- ##

This file was extended by gvpn_gtk config.status 0.1, which was
generated by GNU Autoconf 2.61.  Invocation command line was

  CONFIG_FILES    = 
  CONFIG_HEADERS  = 
  CONFIG_LINKS    = 
  CONFIG_COMMANDS = 
  $ ./config.status src/Makefile depfiles

on punkoff

config.status:701: creating src/Makefile
config.status:981: executing depfiles commands

## ---------------------- ##
## Running config.status. ##
## ---------------------- ##

This file was extended by gvpn_gtk config.status 0.1, which was
generated by GNU Autoconf 2.61.  Invocation command line was

  CONFIG_FILES    = 
  CONFIG_HEADERS  = 
  CONFIG_LINKS    = 
  CONFIG_COMMANDS = 
  $ ./config.status src/Makefile depfiles

on punkoff

config.status:701: creating src/Makefile
config.status:981: executing depfiles commands
