This file contains any messages produced by compilers while
running configure, to aid debugging if configure makes a mistake.

It was created by foobar_server configure 0.1, which was
generated by GNU Autoconf 2.61.  Invocation command line was

  $ ./configure --enable-maintainer-mode

## --------- ##
## Platform. ##
## --------- ##

hostname = punkoff
uname -m = i686
uname -r = 2.6.24-16-generic
uname -s = Linux
uname -v = #1 SMP Thu Apr 10 13:23:42 UTC 2008

/usr/bin/uname -p = unknown
/bin/uname -X     = unknown

/bin/arch              = unknown
/usr/bin/arch -k       = unknown
/usr/convex/getsysinfo = unknown
/usr/bin/hostinfo      = unknown
/bin/machine           = unknown
/usr/bin/oslevel       = unknown
/bin/universe          = unknown

PATH: /usr/local/sbin
PATH: /usr/local/bin
PATH: /usr/sbin
PATH: /usr/bin
PATH: /sbin
PATH: /bin
PATH: /usr/games


## ----------- ##
## Core tests. ##
## ----------- ##

configure:2023: checking for a BSD-compatible install
configure:2079: result: /usr/bin/install -c
configure:2090: checking whether build environment is sane
configure:2133: result: yes
configure:2198: checking for gawk
configure:2228: result: no
configure:2198: checking for mawk
configure:2214: found /usr/bin/mawk
configure:2225: result: mawk
configure:2236: checking whether make sets $(MAKE)
configure:2257: result: yes
configure:2443: checking whether to enable maintainer-specific portions of Makefiles
configure:2452: result: yes
configure:2480: checking for style of include used by make
configure:2508: result: GNU
configure:2581: checking for gcc
configure:2597: found /usr/bin/gcc
configure:2608: result: gcc
configure:2846: checking for C compiler version
configure:2853: gcc --version >&5
gcc (GCC) 4.2.3 (Ubuntu 4.2.3-2ubuntu7)
Copyright (C) 2007 Free Software Foundation, Inc.
This is free software; see the source for copying conditions.  There is NO
warranty; not even for MERCHANTABILITY or FITNESS FOR A PARTICULAR PURPOSE.

configure:2856: $? = 0
configure:2863: gcc -v >&5
Using built-in specs.
Target: i486-linux-gnu
Configured with: ../src/configure -v --enable-languages=c,c++,fortran,objc,obj-c++,treelang --prefix=/usr --enable-shared --with-system-zlib --libexecdir=/usr/lib --without-included-gettext --enable-threads=posix --enable-nls --with-gxx-include-dir=/usr/include/c++/4.2 --program-suffix=-4.2 --enable-clocale=gnu --enable-libstdcxx-debug --enable-objc-gc --enable-mpfr --enable-targets=all --enable-checking=release --build=i486-linux-gnu --host=i486-linux-gnu --target=i486-linux-gnu
Thread model: posix
gcc version 4.2.3 (Ubuntu 4.2.3-2ubuntu7)
configure:2866: $? = 0
configure:2873: gcc -V >&5
gcc: '-V' option must have argument
configure:2876: $? = 1
configure:2899: checking for C compiler default output file name
configure:2926: gcc    conftest.c  >&5
configure:2929: $? = 0
configure:2967: result: a.out
configure:2984: checking whether the C compiler works
configure:2994: ./a.out
configure:2997: $? = 0
configure:3014: result: yes
configure:3021: checking whether we are cross compiling
configure:3023: result: no
configure:3026: checking for suffix of executables
configure:3033: gcc -o conftest    conftest.c  >&5
configure:3036: $? = 0
configure:3060: result: 
configure:3066: checking for suffix of object files
configure:3092: gcc -c   conftest.c >&5
configure:3095: $? = 0
configure:3118: result: o
configure:3122: checking whether we are using the GNU C compiler
configure:3151: gcc -c   conftest.c >&5
configure:3157: $? = 0
configure:3174: result: yes
configure:3179: checking whether gcc accepts -g
configure:3209: gcc -c -g  conftest.c >&5
configure:3215: $? = 0
configure:3314: result: yes
configure:3331: checking for gcc option to accept ISO C89
configure:3405: gcc  -c -g -O2  conftest.c >&5
configure:3411: $? = 0
configure:3434: result: none needed
configure:3454: checking dependency style of gcc
configure:3544: result: gcc3
configure:3562: checking for library containing strerror
configure:3603: gcc -o conftest -g -O2   conftest.c  >&5
configure:3609: $? = 0
configure:3637: result: none required
configure:3693: checking for gcc
configure:3720: result: gcc
configure:3958: checking for C compiler version
configure:3965: gcc --version >&5
gcc (GCC) 4.2.3 (Ubuntu 4.2.3-2ubuntu7)
Copyright (C) 2007 Free Software Foundation, Inc.
This is free software; see the source for copying conditions.  There is NO
warranty; not even for MERCHANTABILITY or FITNESS FOR A PARTICULAR PURPOSE.

configure:3968: $? = 0
configure:3975: gcc -v >&5
Using built-in specs.
Target: i486-linux-gnu
Configured with: ../src/configure -v --enable-languages=c,c++,fortran,objc,obj-c++,treelang --prefix=/usr --enable-shared --with-system-zlib --libexecdir=/usr/lib --without-included-gettext --enable-threads=posix --enable-nls --with-gxx-include-dir=/usr/include/c++/4.2 --program-suffix=-4.2 --enable-clocale=gnu --enable-libstdcxx-debug --enable-objc-gc --enable-mpfr --enable-targets=all --enable-checking=release --build=i486-linux-gnu --host=i486-linux-gnu --target=i486-linux-gnu
Thread model: posix
gcc version 4.2.3 (Ubuntu 4.2.3-2ubuntu7)
configure:3978: $? = 0
configure:3985: gcc -V >&5
gcc: '-V' option must have argument
configure:3988: $? = 1
configure:3991: checking whether we are using the GNU C compiler
configure:4043: result: yes
configure:4048: checking whether gcc accepts -g
configure:4183: result: yes
configure:4200: checking for gcc option to accept ISO C89
configure:4303: result: none needed
configure:4323: checking dependency style of gcc
configure:4413: result: gcc3
configure:4478: checking for gcc
configure:4505: result: gcc
configure:4743: checking for C compiler version
configure:4750: gcc --version >&5
gcc (GCC) 4.2.3 (Ubuntu 4.2.3-2ubuntu7)
Copyright (C) 2007 Free Software Foundation, Inc.
This is free software; see the source for copying conditions.  There is NO
warranty; not even for MERCHANTABILITY or FITNESS FOR A PARTICULAR PURPOSE.

configure:4753: $? = 0
configure:4760: gcc -v >&5
Using built-in specs.
Target: i486-linux-gnu
Configured with: ../src/configure -v --enable-languages=c,c++,fortran,objc,obj-c++,treelang --prefix=/usr --enable-shared --with-system-zlib --libexecdir=/usr/lib --without-included-gettext --enable-threads=posix --enable-nls --with-gxx-include-dir=/usr/include/c++/4.2 --program-suffix=-4.2 --enable-clocale=gnu --enable-libstdcxx-debug --enable-objc-gc --enable-mpfr --enable-targets=all --enable-checking=release --build=i486-linux-gnu --host=i486-linux-gnu --target=i486-linux-gnu
Thread model: posix
gcc version 4.2.3 (Ubuntu 4.2.3-2ubuntu7)
configure:4763: $? = 0
configure:4770: gcc -V >&5
gcc: '-V' option must have argument
configure:4773: $? = 1
configure:4776: checking whether we are using the GNU C compiler
configure:4828: result: yes
configure:4833: checking whether gcc accepts -g
configure:4968: result: yes
configure:4985: checking for gcc option to accept ISO C89
configure:5088: result: none needed
configure:5108: checking dependency style of gcc
configure:5198: result: gcc3
configure:5223: checking how to run the C preprocessor
configure:5263: gcc -E  conftest.c
configure:5269: $? = 0
configure:5300: gcc -E  conftest.c
conftest.c:10:28: error: ac_nonexistent.h: No such file or directory
configure:5306: $? = 1
configure: failed program was:
| /* confdefs.h.  */
| #define PACKAGE_NAME "foobar_server"
| #define PACKAGE_TARNAME "foobar_server"
| #define PACKAGE_VERSION "0.1"
| #define PACKAGE_STRING "foobar_server 0.1"
| #define PACKAGE_BUGREPORT ""
| #define PACKAGE "foobar_server"
| #define VERSION "0.1"
| /* end confdefs.h.  */
| #include <ac_nonexistent.h>
configure:5339: result: gcc -E
configure:5368: gcc -E  conftest.c
configure:5374: $? = 0
configure:5405: gcc -E  conftest.c
conftest.c:10:28: error: ac_nonexistent.h: No such file or directory
configure:5411: $? = 1
configure: failed program was:
| /* confdefs.h.  */
| #define PACKAGE_NAME "foobar_server"
| #define PACKAGE_TARNAME "foobar_server"
| #define PACKAGE_VERSION "0.1"
| #define PACKAGE_STRING "foobar_server 0.1"
| #define PACKAGE_BUGREPORT ""
| #define PACKAGE "foobar_server"
| #define VERSION "0.1"
| /* end confdefs.h.  */
| #include <ac_nonexistent.h>
configure:5449: checking for grep that handles long lines and -e
configure:5523: result: /bin/grep
configure:5528: checking for egrep
configure:5606: result: /bin/grep -E
configure:5611: checking for ANSI C header files
configure:5641: gcc -c -g -O2  conftest.c >&5
configure:5647: $? = 0
configure:5746: gcc -o conftest -g -O2   conftest.c  >&5
configure:5749: $? = 0
configure:5755: ./conftest
configure:5758: $? = 0
configure:5775: result: yes
configure:5810: checking for sys/types.h
configure:5831: gcc -c -g -O2  conftest.c >&5
configure:5837: $? = 0
configure:5853: result: yes
configure:5810: checking for sys/stat.h
configure:5831: gcc -c -g -O2  conftest.c >&5
configure:5837: $? = 0
configure:5853: result: yes
configure:5810: checking for stdlib.h
configure:5831: gcc -c -g -O2  conftest.c >&5
configure:5837: $? = 0
configure:5853: result: yes
configure:5810: checking for string.h
configure:5831: gcc -c -g -O2  conftest.c >&5
configure:5837: $? = 0
configure:5853: result: yes
configure:5810: checking for memory.h
configure:5831: gcc -c -g -O2  conftest.c >&5
configure:5837: $? = 0
configure:5853: result: yes
configure:5810: checking for strings.h
configure:5831: gcc -c -g -O2  conftest.c >&5
configure:5837: $? = 0
configure:5853: result: yes
configure:5810: checking for inttypes.h
configure:5831: gcc -c -g -O2  conftest.c >&5
configure:5837: $? = 0
configure:5853: result: yes
configure:5810: checking for stdint.h
configure:5831: gcc -c -g -O2  conftest.c >&5
configure:5837: $? = 0
configure:5853: result: yes
configure:5810: checking for unistd.h
configure:5831: gcc -c -g -O2  conftest.c >&5
configure:5837: $? = 0
configure:5853: result: yes
configure:5881: checking locale.h usability
configure:5898: gcc -c -g -O2  conftest.c >&5
configure:5904: $? = 0
configure:5918: result: yes
configure:5922: checking locale.h presence
configure:5937: gcc -E  conftest.c
configure:5943: $? = 0
configure:5957: result: yes
configure:5985: checking for locale.h
configure:5993: result: yes
configure:6007: checking for LC_MESSAGES
configure:6033: gcc -o conftest -g -O2   conftest.c  >&5
configure:6039: $? = 0
configure:6056: result: yes
configure:6085: checking libintl.h usability
configure:6102: gcc -c -g -O2  conftest.c >&5
configure:6108: $? = 0
configure:6122: result: yes
configure:6126: checking libintl.h presence
configure:6141: gcc -E  conftest.c
configure:6147: $? = 0
configure:6161: result: yes
configure:6189: checking for libintl.h
configure:6196: result: yes
configure:6207: checking for ngettext in libc
configure:6235: gcc -o conftest -g -O2   conftest.c  >&5
configure:6241: $? = 0
configure:6259: result: yes
configure:6263: checking for dgettext in libc
configure:6291: gcc -o conftest -g -O2   conftest.c  >&5
configure:6297: $? = 0
configure:6315: result: yes
configure:6324: checking for bind_textdomain_codeset
configure:6380: gcc -o conftest -g -O2   conftest.c  >&5
configure:6386: $? = 0
configure:6404: result: yes
configure:6891: checking for msgfmt
configure:6918: result: /usr/bin/msgfmt
configure:6931: checking for dcgettext
configure:6987: gcc -o conftest -g -O2   conftest.c   >&5
conftest.c:48: warning: conflicting types for built-in function 'dcgettext'
configure:6993: $? = 0
configure:7011: result: yes
configure:7022: checking if msgfmt accepts -c
configure:7037: $MSGFMT -c -o /dev/null conftest.foo
configure:7040: $? = 0
configure:7042: result: yes
configure:7052: checking for gmsgfmt
configure:7083: result: /usr/bin/msgfmt
configure:7093: checking for xgettext
configure:7120: result: /usr/bin/xgettext
configure:7149: gcc -o conftest -g -O2   conftest.c   >&5
configure:7155: $? = 0
configure:7393: checking for intltool >= 0.35.0
configure:7400: result: 0.37.1 found
configure:7451: checking for xgettext
configure:7481: result: /usr/bin/xgettext
configure:7491: checking for msgmerge
configure:7509: found /usr/bin/msgmerge
configure:7521: result: /usr/bin/msgmerge
configure:7531: checking for msgfmt
configure:7561: result: /usr/bin/msgfmt
configure:7593: checking for perl
configure:7611: found /usr/bin/perl
configure:7623: result: /usr/bin/perl
configure:7642: checking for XML::Parser
configure:7645: result: ok
configure:7888: checking build system type
configure:7906: result: i686-pc-linux-gnu
configure:7928: checking host system type
configure:7943: result: i686-pc-linux-gnu
configure:7965: checking for a sed that does not truncate output
configure:8021: result: /bin/sed
configure:8035: checking for ld used by gcc
configure:8102: result: /usr/bin/ld
configure:8111: checking if the linker (/usr/bin/ld) is GNU ld
configure:8126: result: yes
configure:8131: checking for /usr/bin/ld option to reload object files
configure:8138: result: -r
configure:8156: checking for BSD-compatible nm
configure:8205: result: /usr/bin/nm -B
configure:8209: checking whether ln -s works
configure:8213: result: yes
configure:8220: checking how to recognize dependent libraries
configure:8406: result: pass_all
configure:8660: checking dlfcn.h usability
configure:8677: gcc -c -g -O2  conftest.c >&5
configure:8683: $? = 0
configure:8697: result: yes
configure:8701: checking dlfcn.h presence
configure:8716: gcc -E  conftest.c
configure:8722: $? = 0
configure:8736: result: yes
configure:8764: checking for dlfcn.h
configure:8772: result: yes
configure:8843: checking for g++
configure:8859: found /usr/bin/g++
configure:8870: result: g++
configure:8901: checking for C++ compiler version
configure:8908: g++ --version >&5
g++ (GCC) 4.2.3 (Ubuntu 4.2.3-2ubuntu7)
Copyright (C) 2007 Free Software Foundation, Inc.
This is free software; see the source for copying conditions.  There is NO
warranty; not even for MERCHANTABILITY or FITNESS FOR A PARTICULAR PURPOSE.

configure:8911: $? = 0
configure:8918: g++ -v >&5
Using built-in specs.
Target: i486-linux-gnu
Configured with: ../src/configure -v --enable-languages=c,c++,fortran,objc,obj-c++,treelang --prefix=/usr --enable-shared --with-system-zlib --libexecdir=/usr/lib --without-included-gettext --enable-threads=posix --enable-nls --with-gxx-include-dir=/usr/include/c++/4.2 --program-suffix=-4.2 --enable-clocale=gnu --enable-libstdcxx-debug --enable-objc-gc --enable-mpfr --enable-targets=all --enable-checking=release --build=i486-linux-gnu --host=i486-linux-gnu --target=i486-linux-gnu
Thread model: posix
gcc version 4.2.3 (Ubuntu 4.2.3-2ubuntu7)
configure:8921: $? = 0
configure:8928: g++ -V >&5
g++: '-V' option must have argument
configure:8931: $? = 1
configure:8934: checking whether we are using the GNU C++ compiler
configure:8963: g++ -c   conftest.cpp >&5
configure:8969: $? = 0
configure:8986: result: yes
configure:8991: checking whether g++ accepts -g
configure:9021: g++ -c -g  conftest.cpp >&5
configure:9027: $? = 0
configure:9126: result: yes
configure:9151: checking dependency style of g++
configure:9241: result: gcc3
configure:9268: checking how to run the C++ preprocessor
configure:9304: g++ -E  conftest.cpp
configure:9310: $? = 0
configure:9341: g++ -E  conftest.cpp
conftest.cpp:28:28: error: ac_nonexistent.h: No such file or directory
configure:9347: $? = 1
configure: failed program was:
| /* confdefs.h.  */
| #define PACKAGE_NAME "foobar_server"
| #define PACKAGE_TARNAME "foobar_server"
| #define PACKAGE_VERSION "0.1"
| #define PACKAGE_STRING "foobar_server 0.1"
| #define PACKAGE_BUGREPORT ""
| #define PACKAGE "foobar_server"
| #define VERSION "0.1"
| #define STDC_HEADERS 1
| #define GETTEXT_PACKAGE "foobar_server"
| #define HAVE_SYS_TYPES_H 1
| #define HAVE_SYS_STAT_H 1
| #define HAVE_STDLIB_H 1
| #define HAVE_STRING_H 1
| #define HAVE_MEMORY_H 1
| #define HAVE_STRINGS_H 1
| #define HAVE_INTTYPES_H 1
| #define HAVE_STDINT_H 1
| #define HAVE_UNISTD_H 1
| #define HAVE_LOCALE_H 1
| #define HAVE_LC_MESSAGES 1
| #define HAVE_BIND_TEXTDOMAIN_CODESET 1
| #define HAVE_GETTEXT 1
| #define HAVE_DCGETTEXT 1
| #define ENABLE_NLS 1
| #define HAVE_DLFCN_H 1
| /* end confdefs.h.  */
| #include <ac_nonexistent.h>
configure:9380: result: g++ -E
configure:9409: g++ -E  conftest.cpp
configure:9415: $? = 0
configure:9446: g++ -E  conftest.cpp
conftest.cpp:28:28: error: ac_nonexistent.h: No such file or directory
configure:9452: $? = 1
configure: failed program was:
| /* confdefs.h.  */
| #define PACKAGE_NAME "foobar_server"
| #define PACKAGE_TARNAME "foobar_server"
| #define PACKAGE_VERSION "0.1"
| #define PACKAGE_STRING "foobar_server 0.1"
| #define PACKAGE_BUGREPORT ""
| #define PACKAGE "foobar_server"
| #define VERSION "0.1"
| #define STDC_HEADERS 1
| #define GETTEXT_PACKAGE "foobar_server"
| #define HAVE_SYS_TYPES_H 1
| #define HAVE_SYS_STAT_H 1
| #define HAVE_STDLIB_H 1
| #define HAVE_STRING_H 1
| #define HAVE_MEMORY_H 1
| #define HAVE_STRINGS_H 1
| #define HAVE_INTTYPES_H 1
| #define HAVE_STDINT_H 1
| #define HAVE_UNISTD_H 1
| #define HAVE_LOCALE_H 1
| #define HAVE_LC_MESSAGES 1
| #define HAVE_BIND_TEXTDOMAIN_CODESET 1
| #define HAVE_GETTEXT 1
| #define HAVE_DCGETTEXT 1
| #define ENABLE_NLS 1
| #define HAVE_DLFCN_H 1
| /* end confdefs.h.  */
| #include <ac_nonexistent.h>
configure:9545: checking for g77
configure:9575: result: no
configure:9545: checking for xlf
configure:9575: result: no
configure:9545: checking for f77
configure:9575: result: no
configure:9545: checking for frt
configure:9575: result: no
configure:9545: checking for pgf77
configure:9575: result: no
configure:9545: checking for cf77
configure:9575: result: no
configure:9545: checking for fort77
configure:9575: result: no
configure:9545: checking for fl32
configure:9575: result: no
configure:9545: checking for af77
configure:9575: result: no
configure:9545: checking for xlf90
configure:9575: result: no
configure:9545: checking for f90
configure:9575: result: no
configure:9545: checking for pgf90
configure:9575: result: no
configure:9545: checking for pghpf
configure:9575: result: no
configure:9545: checking for epcf90
configure:9575: result: no
configure:9545: checking for gfortran
configure:9575: result: no
configure:9545: checking for g95
configure:9575: result: no
configure:9545: checking for xlf95
configure:9575: result: no
configure:9545: checking for f95
configure:9575: result: no
configure:9545: checking for fort
configure:9575: result: no
configure:9545: checking for ifort
configure:9575: result: no
configure:9545: checking for ifc
configure:9575: result: no
configure:9545: checking for efc
configure:9575: result: no
configure:9545: checking for pgf95
configure:9575: result: no
configure:9545: checking for lf95
configure:9575: result: no
configure:9545: checking for ftn
configure:9575: result: no
configure:9602: checking for Fortran 77 compiler version
configure:9609:  --version >&5
./configure: line 9610: --version: command not found
configure:9612: $? = 127
configure:9619:  -v >&5
./configure: line 9620: -v: command not found
configure:9622: $? = 127
configure:9629:  -V >&5
./configure: line 9630: -V: command not found
configure:9632: $? = 127
configure:9640: checking whether we are using the GNU Fortran 77 compiler
configure:9659:  -c  conftest.F >&5
./configure: line 9660: -c: command not found
configure:9665: $? = 127
configure: failed program was:
|       program main
| #ifndef __GNUC__
|        choke me
| #endif
| 
|       end
configure:9682: result: no
configure:9688: checking whether  accepts -g
configure:9705:  -c -g conftest.f >&5
./configure: line 9706: -c: command not found
configure:9711: $? = 127
configure: failed program was:
|       program main
| 
|       end
configure:9727: result: no
configure:9756: checking the maximum length of command line arguments
configure:9868: result: 98304
configure:9880: checking command to parse /usr/bin/nm -B output from gcc object
configure:9985: gcc -c -g -O2  conftest.c >&5
configure:9988: $? = 0
configure:9992: /usr/bin/nm -B conftest.o \| sed -n -e 's/^.*[ 	]\([ABCDGIRSTW][ABCDGIRSTW]*\)[ 	][ 	]*\([_A-Za-z][_A-Za-z0-9]*\)$/\1 \2 \2/p' \> conftest.nm
configure:9995: $? = 0
configure:10047: gcc -o conftest -g -O2   conftest.c conftstm.o >&5
configure:10050: $? = 0
configure:10088: result: ok
configure:10092: checking for objdir
configure:10107: result: .libs
configure:10199: checking for ar
configure:10215: found /usr/bin/ar
configure:10226: result: ar
configure:10295: checking for ranlib
configure:10311: found /usr/bin/ranlib
configure:10322: result: ranlib
configure:10391: checking for strip
configure:10407: found /usr/bin/strip
configure:10418: result: strip
configure:11016: checking if gcc supports -fno-rtti -fno-exceptions
configure:11034: gcc -c -g -O2  -fno-rtti -fno-exceptions conftest.c >&5
cc1: warning: command line option "-fno-rtti" is valid for C++/ObjC++ but not for C
configure:11038: $? = 0
configure:11051: result: no
configure:11066: checking for gcc option to produce PIC
configure:11298: result: -fPIC
configure:11306: checking if gcc PIC flag -fPIC works
configure:11324: gcc -c -g -O2  -fPIC -DPIC conftest.c >&5
configure:11328: $? = 0
configure:11341: result: yes
configure:11369: checking if gcc static flag -static works
configure:11397: result: yes
configure:11407: checking if gcc supports -c -o file.o
configure:11428: gcc -c -g -O2  -o out/conftest2.o conftest.c >&5
configure:11432: $? = 0
configure:11454: result: yes
configure:11480: checking whether the gcc linker (/usr/bin/ld) supports shared libraries
configure:12461: result: yes
configure:12482: checking whether -lc should be explicitly linked in
configure:12487: gcc -c -g -O2  conftest.c >&5
configure:12490: $? = 0
configure:12505: gcc -shared conftest.o  -v -Wl,-soname -Wl,conftest -o conftest 2\>\&1 \| grep  -lc  \>/dev/null 2\>\&1
configure:12508: $? = 0
configure:12520: result: no
configure:12528: checking dynamic linker characteristics
configure:13142: result: GNU/Linux ld.so
configure:13166: checking how to hardcode library paths into programs
configure:13191: result: immediate
configure:13205: checking whether stripping libraries is possible
configure:13210: result: yes
configure:14012: checking if libtool supports shared libraries
configure:14014: result: yes
configure:14017: checking whether to build shared libraries
configure:14038: result: yes
configure:14041: checking whether to build static libraries
configure:14045: result: yes
configure:14139: creating libtool
configure:14732: checking for ld used by g++
configure:14799: result: /usr/bin/ld
configure:14808: checking if the linker (/usr/bin/ld) is GNU ld
configure:14823: result: yes
configure:14874: checking whether the g++ linker (/usr/bin/ld) supports shared libraries
configure:15820: result: yes
configure:15837: g++ -c -g -O2  conftest.cpp >&5
configure:15840: $? = 0
configure:15996: checking for g++ option to produce PIC
configure:16280: result: -fPIC
configure:16288: checking if g++ PIC flag -fPIC works
configure:16306: g++ -c -g -O2  -fPIC -DPIC conftest.cpp >&5
configure:16310: $? = 0
configure:16323: result: yes
configure:16351: checking if g++ static flag -static works
configure:16379: result: yes
configure:16389: checking if g++ supports -c -o file.o
configure:16410: g++ -c -g -O2  -o out/conftest2.o conftest.cpp >&5
configure:16414: $? = 0
configure:16436: result: yes
configure:16462: checking whether the g++ linker (/usr/bin/ld) supports shared libraries
configure:16491: result: yes
configure:16558: checking dynamic linker characteristics
configure:17120: result: GNU/Linux ld.so
configure:17144: checking how to hardcode library paths into programs
configure:17169: result: immediate
configure:23570: creating ./config.status

## ---------------------- ##
## Running config.status. ##
## ---------------------- ##

This file was extended by foobar_server config.status 0.1, which was
generated by GNU Autoconf 2.61.  Invocation command line was

  CONFIG_FILES    = 
  CONFIG_HEADERS  = 
  CONFIG_LINKS    = 
  CONFIG_COMMANDS = 
  $ ./config.status 

on punkoff

config.status:716: creating Makefile
config.status:716: creating src/Makefile
config.status:716: creating po/Makefile.in
config.status:716: creating config.h
config.status:990: executing depfiles commands
config.status:990: executing default-1 commands
config.status:990: executing intltool commands
config.status:990: executing po/stamp-it commands

## ---------------- ##
## Cache variables. ##
## ---------------- ##

ac_cv_build=i686-pc-linux-gnu
ac_cv_c_compiler_gnu=yes
ac_cv_cxx_compiler_gnu=yes
ac_cv_env_CCC_set=
ac_cv_env_CCC_value=
ac_cv_env_CC_set=
ac_cv_env_CC_value=
ac_cv_env_CFLAGS_set=
ac_cv_env_CFLAGS_value=
ac_cv_env_CPPFLAGS_set=
ac_cv_env_CPPFLAGS_value=
ac_cv_env_CPP_set=
ac_cv_env_CPP_value=
ac_cv_env_CXXCPP_set=
ac_cv_env_CXXCPP_value=
ac_cv_env_CXXFLAGS_set=
ac_cv_env_CXXFLAGS_value=
ac_cv_env_CXX_set=
ac_cv_env_CXX_value=
ac_cv_env_F77_set=
ac_cv_env_F77_value=
ac_cv_env_FFLAGS_set=
ac_cv_env_FFLAGS_value=
ac_cv_env_LDFLAGS_set=
ac_cv_env_LDFLAGS_value=
ac_cv_env_LIBS_set=
ac_cv_env_LIBS_value=
ac_cv_env_build_alias_set=
ac_cv_env_build_alias_value=
ac_cv_env_host_alias_set=
ac_cv_env_host_alias_value=
ac_cv_env_target_alias_set=
ac_cv_env_target_alias_value=
ac_cv_f77_compiler_gnu=no
ac_cv_func_bind_textdomain_codeset=yes
ac_cv_func_dcgettext=yes
ac_cv_header_dlfcn_h=yes
ac_cv_header_inttypes_h=yes
ac_cv_header_libintl_h=yes
ac_cv_header_locale_h=yes
ac_cv_header_memory_h=yes
ac_cv_header_stdc=yes
ac_cv_header_stdint_h=yes
ac_cv_header_stdlib_h=yes
ac_cv_header_string_h=yes
ac_cv_header_strings_h=yes
ac_cv_header_sys_stat_h=yes
ac_cv_header_sys_types_h=yes
ac_cv_header_unistd_h=yes
ac_cv_host=i686-pc-linux-gnu
ac_cv_objext=o
ac_cv_path_EGREP='/bin/grep -E'
ac_cv_path_GMSGFMT=/usr/bin/msgfmt
ac_cv_path_GREP=/bin/grep
ac_cv_path_INTLTOOL_PERL=/usr/bin/perl
ac_cv_path_MSGFMT=/usr/bin/msgfmt
ac_cv_path_MSGMERGE=/usr/bin/msgmerge
ac_cv_path_XGETTEXT=/usr/bin/xgettext
ac_cv_path_install='/usr/bin/install -c'
ac_cv_prog_AWK=mawk
ac_cv_prog_CPP='gcc -E'
ac_cv_prog_CXXCPP='g++ -E'
ac_cv_prog_ac_ct_AR=ar
ac_cv_prog_ac_ct_CC=gcc
ac_cv_prog_ac_ct_CXX=g++
ac_cv_prog_ac_ct_RANLIB=ranlib
ac_cv_prog_ac_ct_STRIP=strip
ac_cv_prog_cc_c89=
ac_cv_prog_cc_g=yes
ac_cv_prog_cxx_g=yes
ac_cv_prog_f77_g=no
ac_cv_prog_make_make_set=yes
ac_cv_search_strerror='none required'
am_cv_CC_dependencies_compiler_type=gcc3
am_cv_CXX_dependencies_compiler_type=gcc3
am_cv_prog_cc_stdc=
am_cv_val_LC_MESSAGES=yes
gt_cv_func_dgettext_libc=yes
gt_cv_func_dgettext_libintl=no
gt_cv_func_ngettext_libc=yes
gt_cv_have_gettext=yes
lt_cv_deplibs_check_method=pass_all
lt_cv_file_magic_cmd='$MAGIC_CMD'
lt_cv_file_magic_test_file=
lt_cv_ld_reload_flag=-r
lt_cv_objdir=.libs
lt_cv_path_LD=/usr/bin/ld
lt_cv_path_LDCXX=/usr/bin/ld
lt_cv_path_NM='/usr/bin/nm -B'
lt_cv_path_SED=/bin/sed
lt_cv_prog_compiler_c_o=yes
lt_cv_prog_compiler_c_o_CXX=yes
lt_cv_prog_compiler_pic_works=yes
lt_cv_prog_compiler_pic_works_CXX=yes
lt_cv_prog_compiler_rtti_exceptions=no
lt_cv_prog_compiler_static_works=yes
lt_cv_prog_compiler_static_works_CXX=yes
lt_cv_prog_gnu_ld=yes
lt_cv_prog_gnu_ldcxx=yes
lt_cv_sys_global_symbol_pipe='sed -n -e '\''s/^.*[ 	]\([ABCDGIRSTW][ABCDGIRSTW]*\)[ 	][ 	]*\([_A-Za-z][_A-Za-z0-9]*\)$/\1 \2 \2/p'\'''
lt_cv_sys_global_symbol_to_c_name_address='sed -n -e '\''s/^: \([^ ]*\) $/  {\"\1\", (lt_ptr) 0},/p'\'' -e '\''s/^[BCDEGRST] \([^ ]*\) \([^ ]*\)$/  {"\2", (lt_ptr) \&\2},/p'\'''
lt_cv_sys_global_symbol_to_cdecl='sed -n -e '\''s/^. .* \(.*\)$/extern int \1;/p'\'''
lt_cv_sys_lib_dlsearch_path_spec='/lib /usr/lib /lib/i486-linux-gnu /usr/lib/i486-linux-gnu /usr/local/lib '
lt_cv_sys_lib_search_path_spec='/usr/lib/gcc/i486-linux-gnu/4.2.3 /usr/lib /lib'
lt_cv_sys_max_cmd_len=98304
lt_lt_cv_prog_compiler_c_o='"yes"'
lt_lt_cv_prog_compiler_c_o_CXX='"yes"'
lt_lt_cv_sys_global_symbol_pipe='"sed -n -e '\''s/^.*[ 	]\\([ABCDGIRSTW][ABCDGIRSTW]*\\)[ 	][ 	]*\\([_A-Za-z][_A-Za-z0-9]*\\)\$/\\1 \\2 \\2/p'\''"'
lt_lt_cv_sys_global_symbol_to_c_name_address='"sed -n -e '\''s/^: \\([^ ]*\\) \$/  {\\\"\\1\\\", (lt_ptr) 0},/p'\'' -e '\''s/^[BCDEGRST] \\([^ ]*\\) \\([^ ]*\\)\$/  {\"\\2\", (lt_ptr) \\&\\2},/p'\''"'
lt_lt_cv_sys_global_symbol_to_cdecl='"sed -n -e '\''s/^. .* \\(.*\\)\$/extern int \\1;/p'\''"'

## ----------------- ##
## Output variables. ##
## ----------------- ##

ACLOCAL='${SHELL} /home/john/Projects/foobar-server/missing --run aclocal-1.9'
ALL_LINGUAS=''
AMDEPBACKSLASH='\'
AMDEP_FALSE='#'
AMDEP_TRUE=''
AMTAR='${SHELL} /home/john/Projects/foobar-server/missing --run tar'
AR='ar'
AUTOCONF='${SHELL} /home/john/Projects/foobar-server/missing --run autoconf'
AUTOHEADER='${SHELL} /home/john/Projects/foobar-server/missing --run autoheader'
AUTOMAKE='${SHELL} /home/john/Projects/foobar-server/missing --run automake-1.9'
AWK='mawk'
CATALOGS=''
CATOBJEXT='.gmo'
CC='gcc'
CCDEPMODE='depmode=gcc3'
CFLAGS='-g -O2'
CPP='gcc -E'
CPPFLAGS=''
CXX='g++'
CXXCPP='g++ -E'
CXXDEPMODE='depmode=gcc3'
CXXFLAGS='-g -O2'
CYGPATH_W='echo'
DATADIRNAME='share'
DEFS='-DHAVE_CONFIG_H'
DEPDIR='.deps'
DSYMUTIL=''
ECHO='echo'
ECHO_C=''
ECHO_N='-n'
ECHO_T=''
EGREP='/bin/grep -E'
EXEEXT=''
F77=''
FFLAGS=''
GETTEXT_PACKAGE='foobar_server'
GMOFILES=''
GMSGFMT='/usr/bin/msgfmt'
GREP='/bin/grep'
INSTALL_DATA='${INSTALL} -m 644'
INSTALL_PROGRAM='${INSTALL}'
INSTALL_SCRIPT='${INSTALL}'
INSTALL_STRIP_PROGRAM='${SHELL} $(install_sh) -c -s'
INSTOBJEXT='.mo'
INTLLIBS=''
INTLTOOL_CAVES_RULE='%.caves:     %.caves.in     $(INTLTOOL_MERGE) $(wildcard $(top_srcdir)/po/*.po) ; LC_ALL=C $(INTLTOOL_MERGE) -d -u -c $(top_builddir)/po/.intltool-merge-cache $(top_srcdir)/po $< $@'
INTLTOOL_DESKTOP_RULE='%.desktop:   %.desktop.in   $(INTLTOOL_MERGE) $(wildcard $(top_srcdir)/po/*.po) ; LC_ALL=C $(INTLTOOL_MERGE) -d -u -c $(top_builddir)/po/.intltool-merge-cache $(top_srcdir)/po $< $@'
INTLTOOL_DIRECTORY_RULE='%.directory: %.directory.in $(INTLTOOL_MERGE) $(wildcard $(top_srcdir)/po/*.po) ; LC_ALL=C $(INTLTOOL_MERGE) -d -u -c $(top_builddir)/po/.intltool-merge-cache $(top_srcdir)/po $< $@'
INTLTOOL_EXTRACT='$(top_builddir)/intltool-extract'
INTLTOOL_KBD_RULE='%.kbd:       %.kbd.in       $(INTLTOOL_MERGE) $(wildcard $(top_srcdir)/po/*.po) ; LC_ALL=C $(INTLTOOL_MERGE) -x -u -m -c $(top_builddir)/po/.intltool-merge-cache $(top_srcdir)/po $< $@'
INTLTOOL_KEYS_RULE='%.keys:      %.keys.in      $(INTLTOOL_MERGE) $(wildcard $(top_srcdir)/po/*.po) ; LC_ALL=C $(INTLTOOL_MERGE) -k -u -c $(top_builddir)/po/.intltool-merge-cache $(top_srcdir)/po $< $@'
INTLTOOL_MERGE='$(top_builddir)/intltool-merge'
INTLTOOL_OAF_RULE='%.oaf:       %.oaf.in       $(INTLTOOL_MERGE) $(wildcard $(top_srcdir)/po/*.po) ; LC_ALL=C $(INTLTOOL_MERGE) -o -p $(top_srcdir)/po $< $@'
INTLTOOL_PERL='/usr/bin/perl'
INTLTOOL_POLICY_RULE='%.policy:    %.policy.in    $(INTLTOOL_MERGE) $(wildcard $(top_srcdir)/po/*.po) ; LC_ALL=C $(INTLTOOL_MERGE) -x -u -c $(top_builddir)/po/.intltool-merge-cache $(top_srcdir)/po $< $@'
INTLTOOL_PONG_RULE='%.pong:      %.pong.in      $(INTLTOOL_MERGE) $(wildcard $(top_srcdir)/po/*.po) ; LC_ALL=C $(INTLTOOL_MERGE) -x -u -c $(top_builddir)/po/.intltool-merge-cache $(top_srcdir)/po $< $@'
INTLTOOL_PROP_RULE='%.prop:      %.prop.in      $(INTLTOOL_MERGE) $(wildcard $(top_srcdir)/po/*.po) ; LC_ALL=C $(INTLTOOL_MERGE) -d -u -c $(top_builddir)/po/.intltool-merge-cache $(top_srcdir)/po $< $@'
INTLTOOL_SCHEMAS_RULE='%.schemas:   %.schemas.in   $(INTLTOOL_MERGE) $(wildcard $(top_srcdir)/po/*.po) ; LC_ALL=C $(INTLTOOL_MERGE) -s -u -c $(top_builddir)/po/.intltool-merge-cache $(top_srcdir)/po $< $@'
INTLTOOL_SERVER_RULE='%.server:    %.server.in    $(INTLTOOL_MERGE) $(wildcard $(top_srcdir)/po/*.po) ; LC_ALL=C $(INTLTOOL_MERGE) -o -u -c $(top_builddir)/po/.intltool-merge-cache $(top_srcdir)/po $< $@'
INTLTOOL_SERVICE_RULE='%.service: %.service.in   $(INTLTOOL_MERGE) $(wildcard $(top_srcdir)/po/*.po) ; LC_ALL=C $(INTLTOOL_MERGE) -d -u -c $(top_builddir)/po/.intltool-merge-cache $(top_srcdir)/po $< $@'
INTLTOOL_SHEET_RULE='%.sheet:     %.sheet.in     $(INTLTOOL_MERGE) $(wildcard $(top_srcdir)/po/*.po) ; LC_ALL=C $(INTLTOOL_MERGE) -x -u -c $(top_builddir)/po/.intltool-merge-cache $(top_srcdir)/po $< $@'
INTLTOOL_SOUNDLIST_RULE='%.soundlist: %.soundlist.in $(INTLTOOL_MERGE) $(wildcard $(top_srcdir)/po/*.po) ; LC_ALL=C $(INTLTOOL_MERGE) -d -u -c $(top_builddir)/po/.intltool-merge-cache $(top_srcdir)/po $< $@'
INTLTOOL_THEME_RULE='%.theme:     %.theme.in     $(INTLTOOL_MERGE) $(wildcard $(top_srcdir)/po/*.po) ; LC_ALL=C $(INTLTOOL_MERGE) -d -u -c $(top_builddir)/po/.intltool-merge-cache $(top_srcdir)/po $< $@'
INTLTOOL_UI_RULE='%.ui:        %.ui.in        $(INTLTOOL_MERGE) $(wildcard $(top_srcdir)/po/*.po) ; LC_ALL=C $(INTLTOOL_MERGE) -x -u -c $(top_builddir)/po/.intltool-merge-cache $(top_srcdir)/po $< $@'
INTLTOOL_UPDATE='$(top_builddir)/intltool-update'
INTLTOOL_XAM_RULE='%.xam:       %.xml.in       $(INTLTOOL_MERGE) $(wildcard $(top_srcdir)/po/*.po) ; LC_ALL=C $(INTLTOOL_MERGE) -x -u -c $(top_builddir)/po/.intltool-merge-cache $(top_srcdir)/po $< $@'
INTLTOOL_XML_NOMERGE_RULE='%.xml:       %.xml.in       $(INTLTOOL_MERGE) ; LC_ALL=C $(INTLTOOL_MERGE) -x -u /tmp $< $@'
INTLTOOL_XML_RULE='%.xml:       %.xml.in       $(INTLTOOL_MERGE) $(wildcard $(top_srcdir)/po/*.po) ; LC_ALL=C $(INTLTOOL_MERGE) -x -u -c $(top_builddir)/po/.intltool-merge-cache $(top_srcdir)/po $< $@'
LDFLAGS=''
LIBOBJS=''
LIBS=''
LIBTOOL='$(SHELL) $(top_builddir)/libtool'
LN_S='ln -s'
LTLIBOBJS=''
MAINT=''
MAINTAINER_MODE_FALSE='#'
MAINTAINER_MODE_TRUE=''
MAKEINFO='${SHELL} /home/john/Projects/foobar-server/missing --run makeinfo'
MKINSTALLDIRS='./mkinstalldirs'
MSGFMT='/usr/bin/msgfmt'
MSGFMT_OPTS='-c'
MSGMERGE='/usr/bin/msgmerge'
NMEDIT=''
OBJEXT='o'
PACKAGE='foobar_server'
PACKAGE_BUGREPORT=''
PACKAGE_NAME='foobar_server'
PACKAGE_STRING='foobar_server 0.1'
PACKAGE_TARNAME='foobar_server'
PACKAGE_VERSION='0.1'
PATH_SEPARATOR=':'
POFILES=''
POSUB='po'
PO_IN_DATADIR_FALSE=''
PO_IN_DATADIR_TRUE=''
RANLIB='ranlib'
SED='/bin/sed'
SET_MAKE=''
SHELL='/bin/bash'
STRIP='strip'
USE_NLS='yes'
VERSION='0.1'
XGETTEXT='/usr/bin/xgettext'
ac_ct_CC='gcc'
ac_ct_CXX='g++'
ac_ct_F77=''
am__fastdepCC_FALSE='#'
am__fastdepCC_TRUE=''
am__fastdepCXX_FALSE='#'
am__fastdepCXX_TRUE=''
am__include='include'
am__leading_dot='.'
am__quote=''
am__tar='${AMTAR} chof - "$$tardir"'
am__untar='${AMTAR} xf -'
bindir='${exec_prefix}/bin'
build='i686-pc-linux-gnu'
build_alias=''
build_cpu='i686'
build_os='linux-gnu'
build_vendor='pc'
datadir='${datarootdir}'
datarootdir='${prefix}/share'
docdir='${datarootdir}/doc/${PACKAGE_TARNAME}'
dvidir='${docdir}'
exec_prefix='${prefix}'
host='i686-pc-linux-gnu'
host_alias=''
host_cpu='i686'
host_os='linux-gnu'
host_vendor='pc'
htmldir='${docdir}'
includedir='${prefix}/include'
infodir='${datarootdir}/info'
install_sh='/home/john/Projects/foobar-server/install-sh'
libdir='${exec_prefix}/lib'
libexecdir='${exec_prefix}/libexec'
localedir='${datarootdir}/locale'
localstatedir='${prefix}/var'
mandir='${datarootdir}/man'
mkdir_p='mkdir -p --'
oldincludedir='/usr/include'
pdfdir='${docdir}'
prefix='/usr/local'
program_transform_name='s,x,x,'
psdir='${docdir}'
sbindir='${exec_prefix}/sbin'
sharedstatedir='${prefix}/com'
sysconfdir='${prefix}/etc'
target_alias=''

## ----------- ##
## confdefs.h. ##
## ----------- ##

#define PACKAGE_NAME "foobar_server"
#define PACKAGE_TARNAME "foobar_server"
#define PACKAGE_VERSION "0.1"
#define PACKAGE_STRING "foobar_server 0.1"
#define PACKAGE_BUGREPORT ""
#define PACKAGE "foobar_server"
#define VERSION "0.1"
#define STDC_HEADERS 1
#define GETTEXT_PACKAGE "foobar_server"
#define HAVE_SYS_TYPES_H 1
#define HAVE_SYS_STAT_H 1
#define HAVE_STDLIB_H 1
#define HAVE_STRING_H 1
#define HAVE_MEMORY_H 1
#define HAVE_STRINGS_H 1
#define HAVE_INTTYPES_H 1
#define HAVE_STDINT_H 1
#define HAVE_UNISTD_H 1
#define HAVE_LOCALE_H 1
#define HAVE_LC_MESSAGES 1
#define HAVE_BIND_TEXTDOMAIN_CODESET 1
#define HAVE_GETTEXT 1
#define HAVE_DCGETTEXT 1
#define ENABLE_NLS 1
#define HAVE_DLFCN_H 1

configure: exit 0
