This file contains any messages produced by compilers while
running configure, to aid debugging if configure makes a mistake.

It was created by gvpn configure 0.1, which was
generated by GNU Autoconf 2.61.  Invocation command line was

  $ ./configure 

## --------- ##
## Platform. ##
## --------- ##

hostname = punkoff
uname -m = i686
uname -r = 2.6.24-16-generic
uname -s = Linux
uname -v = #1 SMP Thu Apr 10 13:23:42 UTC 2008

/usr/bin/uname -p = unknown
/bin/uname -X     = unknown

/bin/arch              = unknown
/usr/bin/arch -k       = unknown
/usr/convex/getsysinfo = unknown
/usr/bin/hostinfo      = unknown
/bin/machine           = unknown
/usr/bin/oslevel       = unknown
/bin/universe          = unknown

PATH: /usr/local/sbin
PATH: /usr/local/bin
PATH: /usr/sbin
PATH: /usr/bin
PATH: /sbin
PATH: /bin
PATH: /usr/games


## ----------- ##
## Core tests. ##
## ----------- ##

configure:2034: checking for a BSD-compatible install
configure:2090: result: /usr/bin/install -c
configure:2101: checking whether build environment is sane
configure:2144: result: yes
configure:2172: checking for a thread-safe mkdir -p
configure:2211: result: /bin/mkdir -p
configure:2224: checking for gawk
configure:2240: found /usr/bin/gawk
configure:2251: result: gawk
configure:2262: checking whether make sets $(MAKE)
configure:2283: result: yes
configure:2473: checking whether to enable maintainer-specific portions of Makefiles
configure:2482: result: no
configure:2508: checking for style of include used by make
configure:2536: result: GNU
configure:2606: checking for gcc
configure:2622: found /usr/bin/gcc
configure:2633: result: gcc
configure:2871: checking for C compiler version
configure:2878: gcc --version >&5
gcc (GCC) 4.2.3 (Ubuntu 4.2.3-2ubuntu7)
Copyright (C) 2007 Free Software Foundation, Inc.
This is free software; see the source for copying conditions.  There is NO
warranty; not even for MERCHANTABILITY or FITNESS FOR A PARTICULAR PURPOSE.

configure:2881: $? = 0
configure:2888: gcc -v >&5
Using built-in specs.
Target: i486-linux-gnu
Configured with: ../src/configure -v --enable-languages=c,c++,fortran,objc,obj-c++,treelang --prefix=/usr --enable-shared --with-system-zlib --libexecdir=/usr/lib --without-included-gettext --enable-threads=posix --enable-nls --with-gxx-include-dir=/usr/include/c++/4.2 --program-suffix=-4.2 --enable-clocale=gnu --enable-libstdcxx-debug --enable-objc-gc --enable-mpfr --enable-targets=all --enable-checking=release --build=i486-linux-gnu --host=i486-linux-gnu --target=i486-linux-gnu
Thread model: posix
gcc version 4.2.3 (Ubuntu 4.2.3-2ubuntu7)
configure:2891: $? = 0
configure:2898: gcc -V >&5
gcc: '-V' option must have argument
configure:2901: $? = 1
configure:2924: checking for C compiler default output file name
configure:2951: gcc    conftest.c  >&5
configure:2954: $? = 0
configure:2992: result: a.out
configure:3009: checking whether the C compiler works
configure:3019: ./a.out
configure:3022: $? = 0
configure:3039: result: yes
configure:3046: checking whether we are cross compiling
configure:3048: result: no
configure:3051: checking for suffix of executables
configure:3058: gcc -o conftest    conftest.c  >&5
configure:3061: $? = 0
configure:3085: result: 
configure:3091: checking for suffix of object files
configure:3117: gcc -c   conftest.c >&5
configure:3120: $? = 0
configure:3143: result: o
configure:3147: checking whether we are using the GNU C compiler
configure:3176: gcc -c   conftest.c >&5
configure:3182: $? = 0
configure:3199: result: yes
configure:3204: checking whether gcc accepts -g
configure:3234: gcc -c -g  conftest.c >&5
configure:3240: $? = 0
configure:3339: result: yes
configure:3356: checking for gcc option to accept ISO C89
configure:3430: gcc  -c -g -O2  conftest.c >&5
configure:3436: $? = 0
configure:3459: result: none needed
configure:3479: checking dependency style of gcc
configure:3570: result: gcc3
configure:3586: checking for library containing strerror
configure:3627: gcc -o conftest -g -O2   conftest.c  >&5
configure:3633: $? = 0
configure:3661: result: none required
configure:3717: checking for gcc
configure:3744: result: gcc
configure:3982: checking for C compiler version
configure:3989: gcc --version >&5
gcc (GCC) 4.2.3 (Ubuntu 4.2.3-2ubuntu7)
Copyright (C) 2007 Free Software Foundation, Inc.
This is free software; see the source for copying conditions.  There is NO
warranty; not even for MERCHANTABILITY or FITNESS FOR A PARTICULAR PURPOSE.

configure:3992: $? = 0
configure:3999: gcc -v >&5
Using built-in specs.
Target: i486-linux-gnu
Configured with: ../src/configure -v --enable-languages=c,c++,fortran,objc,obj-c++,treelang --prefix=/usr --enable-shared --with-system-zlib --libexecdir=/usr/lib --without-included-gettext --enable-threads=posix --enable-nls --with-gxx-include-dir=/usr/include/c++/4.2 --program-suffix=-4.2 --enable-clocale=gnu --enable-libstdcxx-debug --enable-objc-gc --enable-mpfr --enable-targets=all --enable-checking=release --build=i486-linux-gnu --host=i486-linux-gnu --target=i486-linux-gnu
Thread model: posix
gcc version 4.2.3 (Ubuntu 4.2.3-2ubuntu7)
configure:4002: $? = 0
configure:4009: gcc -V >&5
gcc: '-V' option must have argument
configure:4012: $? = 1
configure:4015: checking whether we are using the GNU C compiler
configure:4067: result: yes
configure:4072: checking whether gcc accepts -g
configure:4207: result: yes
configure:4224: checking for gcc option to accept ISO C89
configure:4327: result: none needed
configure:4347: checking dependency style of gcc
configure:4438: result: gcc3
configure:4501: checking for gcc
configure:4528: result: gcc
configure:4766: checking for C compiler version
configure:4773: gcc --version >&5
gcc (GCC) 4.2.3 (Ubuntu 4.2.3-2ubuntu7)
Copyright (C) 2007 Free Software Foundation, Inc.
This is free software; see the source for copying conditions.  There is NO
warranty; not even for MERCHANTABILITY or FITNESS FOR A PARTICULAR PURPOSE.

configure:4776: $? = 0
configure:4783: gcc -v >&5
Using built-in specs.
Target: i486-linux-gnu
Configured with: ../src/configure -v --enable-languages=c,c++,fortran,objc,obj-c++,treelang --prefix=/usr --enable-shared --with-system-zlib --libexecdir=/usr/lib --without-included-gettext --enable-threads=posix --enable-nls --with-gxx-include-dir=/usr/include/c++/4.2 --program-suffix=-4.2 --enable-clocale=gnu --enable-libstdcxx-debug --enable-objc-gc --enable-mpfr --enable-targets=all --enable-checking=release --build=i486-linux-gnu --host=i486-linux-gnu --target=i486-linux-gnu
Thread model: posix
gcc version 4.2.3 (Ubuntu 4.2.3-2ubuntu7)
configure:4786: $? = 0
configure:4793: gcc -V >&5
gcc: '-V' option must have argument
configure:4796: $? = 1
configure:4799: checking whether we are using the GNU C compiler
configure:4851: result: yes
configure:4856: checking whether gcc accepts -g
configure:4991: result: yes
configure:5008: checking for gcc option to accept ISO C89
configure:5111: result: none needed
configure:5131: checking dependency style of gcc
configure:5222: result: gcc3
configure:5245: checking how to run the C preprocessor
configure:5285: gcc -E  conftest.c
configure:5291: $? = 0
configure:5322: gcc -E  conftest.c
conftest.c:10:28: error: ac_nonexistent.h: No such file or directory
configure:5328: $? = 1
configure: failed program was:
| /* confdefs.h.  */
| #define PACKAGE_NAME "gvpn"
| #define PACKAGE_TARNAME "gvpn"
| #define PACKAGE_VERSION "0.1"
| #define PACKAGE_STRING "gvpn 0.1"
| #define PACKAGE_BUGREPORT ""
| #define PACKAGE "gvpn"
| #define VERSION "0.1"
| /* end confdefs.h.  */
| #include <ac_nonexistent.h>
configure:5361: result: gcc -E
configure:5390: gcc -E  conftest.c
configure:5396: $? = 0
configure:5427: gcc -E  conftest.c
conftest.c:10:28: error: ac_nonexistent.h: No such file or directory
configure:5433: $? = 1
configure: failed program was:
| /* confdefs.h.  */
| #define PACKAGE_NAME "gvpn"
| #define PACKAGE_TARNAME "gvpn"
| #define PACKAGE_VERSION "0.1"
| #define PACKAGE_STRING "gvpn 0.1"
| #define PACKAGE_BUGREPORT ""
| #define PACKAGE "gvpn"
| #define VERSION "0.1"
| /* end confdefs.h.  */
| #include <ac_nonexistent.h>
configure:5471: checking for grep that handles long lines and -e
configure:5545: result: /bin/grep
configure:5550: checking for egrep
configure:5628: result: /bin/grep -E
configure:5633: checking for ANSI C header files
configure:5663: gcc -c -g -O2  conftest.c >&5
configure:5669: $? = 0
configure:5768: gcc -o conftest -g -O2   conftest.c  >&5
configure:5771: $? = 0
configure:5777: ./conftest
configure:5780: $? = 0
configure:5797: result: yes
configure:5832: checking for sys/types.h
configure:5853: gcc -c -g -O2  conftest.c >&5
configure:5859: $? = 0
configure:5875: result: yes
configure:5832: checking for sys/stat.h
configure:5853: gcc -c -g -O2  conftest.c >&5
configure:5859: $? = 0
configure:5875: result: yes
configure:5832: checking for stdlib.h
configure:5853: gcc -c -g -O2  conftest.c >&5
configure:5859: $? = 0
configure:5875: result: yes
configure:5832: checking for string.h
configure:5853: gcc -c -g -O2  conftest.c >&5
configure:5859: $? = 0
configure:5875: result: yes
configure:5832: checking for memory.h
configure:5853: gcc -c -g -O2  conftest.c >&5
configure:5859: $? = 0
configure:5875: result: yes
configure:5832: checking for strings.h
configure:5853: gcc -c -g -O2  conftest.c >&5
configure:5859: $? = 0
configure:5875: result: yes
configure:5832: checking for inttypes.h
configure:5853: gcc -c -g -O2  conftest.c >&5
configure:5859: $? = 0
configure:5875: result: yes
configure:5832: checking for stdint.h
configure:5853: gcc -c -g -O2  conftest.c >&5
configure:5859: $? = 0
configure:5875: result: yes
configure:5832: checking for unistd.h
configure:5853: gcc -c -g -O2  conftest.c >&5
configure:5859: $? = 0
configure:5875: result: yes
configure:5903: checking locale.h usability
configure:5920: gcc -c -g -O2  conftest.c >&5
configure:5926: $? = 0
configure:5940: result: yes
configure:5944: checking locale.h presence
configure:5959: gcc -E  conftest.c
configure:5965: $? = 0
configure:5979: result: yes
configure:6007: checking for locale.h
configure:6015: result: yes
configure:6029: checking for LC_MESSAGES
configure:6055: gcc -o conftest -g -O2   conftest.c  >&5
configure:6061: $? = 0
configure:6078: result: yes
configure:6107: checking libintl.h usability
configure:6124: gcc -c -g -O2  conftest.c >&5
configure:6130: $? = 0
configure:6144: result: yes
configure:6148: checking libintl.h presence
configure:6163: gcc -E  conftest.c
configure:6169: $? = 0
configure:6183: result: yes
configure:6211: checking for libintl.h
configure:6218: result: yes
configure:6229: checking for ngettext in libc
configure:6257: gcc -o conftest -g -O2   conftest.c  >&5
configure:6263: $? = 0
configure:6281: result: yes
configure:6285: checking for dgettext in libc
configure:6313: gcc -o conftest -g -O2   conftest.c  >&5
configure:6319: $? = 0
configure:6337: result: yes
configure:6346: checking for bind_textdomain_codeset
configure:6402: gcc -o conftest -g -O2   conftest.c  >&5
configure:6408: $? = 0
configure:6426: result: yes
configure:6913: checking for msgfmt
configure:6940: result: /usr/bin/msgfmt
configure:6953: checking for dcgettext
configure:7009: gcc -o conftest -g -O2   conftest.c   >&5
conftest.c:48: warning: conflicting types for built-in function 'dcgettext'
configure:7015: $? = 0
configure:7033: result: yes
configure:7044: checking if msgfmt accepts -c
configure:7059: $MSGFMT -c -o /dev/null conftest.foo
configure:7062: $? = 0
configure:7064: result: yes
configure:7074: checking for gmsgfmt
configure:7105: result: /usr/bin/msgfmt
configure:7115: checking for xgettext
configure:7142: result: /usr/bin/xgettext
configure:7171: gcc -o conftest -g -O2   conftest.c   >&5
configure:7177: $? = 0
configure:7415: checking for intltool >= 0.35.0
configure:7422: result: 0.37.1 found
configure:7473: checking for xgettext
configure:7503: result: /usr/bin/xgettext
configure:7513: checking for msgmerge
configure:7531: found /usr/bin/msgmerge
configure:7543: result: /usr/bin/msgmerge
configure:7553: checking for msgfmt
configure:7583: result: /usr/bin/msgfmt
configure:7615: checking for perl
configure:7633: found /usr/bin/perl
configure:7645: result: /usr/bin/perl
configure:7664: checking for XML::Parser
configure:7667: result: ok
configure:7910: checking build system type
configure:7928: result: i686-pc-linux-gnu
configure:7950: checking host system type
configure:7965: result: i686-pc-linux-gnu
configure:7987: checking for a sed that does not truncate output
configure:8043: result: /bin/sed
configure:8057: checking for ld used by gcc
configure:8124: result: /usr/bin/ld
configure:8133: checking if the linker (/usr/bin/ld) is GNU ld
configure:8148: result: yes
configure:8153: checking for /usr/bin/ld option to reload object files
configure:8160: result: -r
configure:8178: checking for BSD-compatible nm
configure:8227: result: /usr/bin/nm -B
configure:8231: checking whether ln -s works
configure:8235: result: yes
configure:8242: checking how to recognize dependent libraries
configure:8428: result: pass_all
configure:8682: checking dlfcn.h usability
configure:8699: gcc -c -g -O2  conftest.c >&5
configure:8705: $? = 0
configure:8719: result: yes
configure:8723: checking dlfcn.h presence
configure:8738: gcc -E  conftest.c
configure:8744: $? = 0
configure:8758: result: yes
configure:8786: checking for dlfcn.h
configure:8794: result: yes
configure:8865: checking for g++
configure:8881: found /usr/bin/g++
configure:8892: result: g++
configure:8923: checking for C++ compiler version
configure:8930: g++ --version >&5
g++ (GCC) 4.2.3 (Ubuntu 4.2.3-2ubuntu7)
Copyright (C) 2007 Free Software Foundation, Inc.
This is free software; see the source for copying conditions.  There is NO
warranty; not even for MERCHANTABILITY or FITNESS FOR A PARTICULAR PURPOSE.

configure:8933: $? = 0
configure:8940: g++ -v >&5
Using built-in specs.
Target: i486-linux-gnu
Configured with: ../src/configure -v --enable-languages=c,c++,fortran,objc,obj-c++,treelang --prefix=/usr --enable-shared --with-system-zlib --libexecdir=/usr/lib --without-included-gettext --enable-threads=posix --enable-nls --with-gxx-include-dir=/usr/include/c++/4.2 --program-suffix=-4.2 --enable-clocale=gnu --enable-libstdcxx-debug --enable-objc-gc --enable-mpfr --enable-targets=all --enable-checking=release --build=i486-linux-gnu --host=i486-linux-gnu --target=i486-linux-gnu
Thread model: posix
gcc version 4.2.3 (Ubuntu 4.2.3-2ubuntu7)
configure:8943: $? = 0
configure:8950: g++ -V >&5
g++: '-V' option must have argument
configure:8953: $? = 1
configure:8956: checking whether we are using the GNU C++ compiler
configure:8985: g++ -c   conftest.cpp >&5
configure:8991: $? = 0
configure:9008: result: yes
configure:9013: checking whether g++ accepts -g
configure:9043: g++ -c -g  conftest.cpp >&5
configure:9049: $? = 0
configure:9148: result: yes
configure:9173: checking dependency style of g++
configure:9264: result: gcc3
configure:9289: checking how to run the C++ preprocessor
configure:9325: g++ -E  conftest.cpp
configure:9331: $? = 0
configure:9362: g++ -E  conftest.cpp
conftest.cpp:28:28: error: ac_nonexistent.h: No such file or directory
configure:9368: $? = 1
configure: failed program was:
| /* confdefs.h.  */
| #define PACKAGE_NAME "gvpn"
| #define PACKAGE_TARNAME "gvpn"
| #define PACKAGE_VERSION "0.1"
| #define PACKAGE_STRING "gvpn 0.1"
| #define PACKAGE_BUGREPORT ""
| #define PACKAGE "gvpn"
| #define VERSION "0.1"
| #define STDC_HEADERS 1
| #define GETTEXT_PACKAGE "gvpn"
| #define HAVE_SYS_TYPES_H 1
| #define HAVE_SYS_STAT_H 1
| #define HAVE_STDLIB_H 1
| #define HAVE_STRING_H 1
| #define HAVE_MEMORY_H 1
| #define HAVE_STRINGS_H 1
| #define HAVE_INTTYPES_H 1
| #define HAVE_STDINT_H 1
| #define HAVE_UNISTD_H 1
| #define HAVE_LOCALE_H 1
| #define HAVE_LC_MESSAGES 1
| #define HAVE_BIND_TEXTDOMAIN_CODESET 1
| #define HAVE_GETTEXT 1
| #define HAVE_DCGETTEXT 1
| #define ENABLE_NLS 1
| #define HAVE_DLFCN_H 1
| /* end confdefs.h.  */
| #include <ac_nonexistent.h>
configure:9401: result: g++ -E
configure:9430: g++ -E  conftest.cpp
configure:9436: $? = 0
configure:9467: g++ -E  conftest.cpp
conftest.cpp:28:28: error: ac_nonexistent.h: No such file or directory
configure:9473: $? = 1
configure: failed program was:
| /* confdefs.h.  */
| #define PACKAGE_NAME "gvpn"
| #define PACKAGE_TARNAME "gvpn"
| #define PACKAGE_VERSION "0.1"
| #define PACKAGE_STRING "gvpn 0.1"
| #define PACKAGE_BUGREPORT ""
| #define PACKAGE "gvpn"
| #define VERSION "0.1"
| #define STDC_HEADERS 1
| #define GETTEXT_PACKAGE "gvpn"
| #define HAVE_SYS_TYPES_H 1
| #define HAVE_SYS_STAT_H 1
| #define HAVE_STDLIB_H 1
| #define HAVE_STRING_H 1
| #define HAVE_MEMORY_H 1
| #define HAVE_STRINGS_H 1
| #define HAVE_INTTYPES_H 1
| #define HAVE_STDINT_H 1
| #define HAVE_UNISTD_H 1
| #define HAVE_LOCALE_H 1
| #define HAVE_LC_MESSAGES 1
| #define HAVE_BIND_TEXTDOMAIN_CODESET 1
| #define HAVE_GETTEXT 1
| #define HAVE_DCGETTEXT 1
| #define ENABLE_NLS 1
| #define HAVE_DLFCN_H 1
| /* end confdefs.h.  */
| #include <ac_nonexistent.h>
configure:9566: checking for g77
configure:9596: result: no
configure:9566: checking for xlf
configure:9596: result: no
configure:9566: checking for f77
configure:9596: result: no
configure:9566: checking for frt
configure:9596: result: no
configure:9566: checking for pgf77
configure:9596: result: no
configure:9566: checking for cf77
configure:9596: result: no
configure:9566: checking for fort77
configure:9596: result: no
configure:9566: checking for fl32
configure:9596: result: no
configure:9566: checking for af77
configure:9596: result: no
configure:9566: checking for xlf90
configure:9596: result: no
configure:9566: checking for f90
configure:9596: result: no
configure:9566: checking for pgf90
configure:9596: result: no
configure:9566: checking for pghpf
configure:9596: result: no
configure:9566: checking for epcf90
configure:9596: result: no
configure:9566: checking for gfortran
configure:9596: result: no
configure:9566: checking for g95
configure:9596: result: no
configure:9566: checking for xlf95
configure:9596: result: no
configure:9566: checking for f95
configure:9596: result: no
configure:9566: checking for fort
configure:9596: result: no
configure:9566: checking for ifort
configure:9596: result: no
configure:9566: checking for ifc
configure:9596: result: no
configure:9566: checking for efc
configure:9596: result: no
configure:9566: checking for pgf95
configure:9596: result: no
configure:9566: checking for lf95
configure:9596: result: no
configure:9566: checking for ftn
configure:9596: result: no
configure:9623: checking for Fortran 77 compiler version
configure:9630:  --version >&5
./configure: line 9631: --version: command not found
configure:9633: $? = 127
configure:9640:  -v >&5
./configure: line 9641: -v: command not found
configure:9643: $? = 127
configure:9650:  -V >&5
./configure: line 9651: -V: command not found
configure:9653: $? = 127
configure:9661: checking whether we are using the GNU Fortran 77 compiler
configure:9680:  -c  conftest.F >&5
./configure: line 9681: -c: command not found
configure:9686: $? = 127
configure: failed program was:
|       program main
| #ifndef __GNUC__
|        choke me
| #endif
| 
|       end
configure:9703: result: no
configure:9709: checking whether  accepts -g
configure:9726:  -c -g conftest.f >&5
./configure: line 9727: -c: command not found
configure:9732: $? = 127
configure: failed program was:
|       program main
| 
|       end
configure:9748: result: no
configure:9777: checking the maximum length of command line arguments
configure:9889: result: 98304
configure:9901: checking command to parse /usr/bin/nm -B output from gcc object
configure:10006: gcc -c -g -O2  conftest.c >&5
configure:10009: $? = 0
configure:10013: /usr/bin/nm -B conftest.o \| sed -n -e 's/^.*[ 	]\([ABCDGIRSTW][ABCDGIRSTW]*\)[ 	][ 	]*\([_A-Za-z][_A-Za-z0-9]*\)$/\1 \2 \2/p' \> conftest.nm
configure:10016: $? = 0
configure:10068: gcc -o conftest -g -O2   conftest.c conftstm.o >&5
configure:10071: $? = 0
configure:10109: result: ok
configure:10113: checking for objdir
configure:10128: result: .libs
configure:10220: checking for ar
configure:10236: found /usr/bin/ar
configure:10247: result: ar
configure:10316: checking for ranlib
configure:10332: found /usr/bin/ranlib
configure:10343: result: ranlib
configure:10412: checking for strip
configure:10428: found /usr/bin/strip
configure:10439: result: strip
configure:11037: checking if gcc supports -fno-rtti -fno-exceptions
configure:11055: gcc -c -g -O2  -fno-rtti -fno-exceptions conftest.c >&5
cc1: warning: command line option "-fno-rtti" is valid for C++/ObjC++ but not for C
configure:11059: $? = 0
configure:11072: result: no
configure:11087: checking for gcc option to produce PIC
configure:11319: result: -fPIC
configure:11327: checking if gcc PIC flag -fPIC works
configure:11345: gcc -c -g -O2  -fPIC -DPIC conftest.c >&5
configure:11349: $? = 0
configure:11362: result: yes
configure:11390: checking if gcc static flag -static works
configure:11418: result: yes
configure:11428: checking if gcc supports -c -o file.o
configure:11449: gcc -c -g -O2  -o out/conftest2.o conftest.c >&5
configure:11453: $? = 0
configure:11475: result: yes
configure:11501: checking whether the gcc linker (/usr/bin/ld) supports shared libraries
configure:12482: result: yes
configure:12503: checking whether -lc should be explicitly linked in
configure:12508: gcc -c -g -O2  conftest.c >&5
configure:12511: $? = 0
configure:12526: gcc -shared conftest.o  -v -Wl,-soname -Wl,conftest -o conftest 2\>\&1 \| grep  -lc  \>/dev/null 2\>\&1
configure:12529: $? = 0
configure:12541: result: no
configure:12549: checking dynamic linker characteristics
configure:13163: result: GNU/Linux ld.so
configure:13187: checking how to hardcode library paths into programs
configure:13212: result: immediate
configure:13226: checking whether stripping libraries is possible
configure:13231: result: yes
configure:14033: checking if libtool supports shared libraries
configure:14035: result: yes
configure:14038: checking whether to build shared libraries
configure:14059: result: yes
configure:14062: checking whether to build static libraries
configure:14066: result: yes
configure:14160: creating libtool
configure:14753: checking for ld used by g++
configure:14820: result: /usr/bin/ld
configure:14829: checking if the linker (/usr/bin/ld) is GNU ld
configure:14844: result: yes
configure:14895: checking whether the g++ linker (/usr/bin/ld) supports shared libraries
configure:15841: result: yes
configure:15858: g++ -c -g -O2  conftest.cpp >&5
configure:15861: $? = 0
configure:16017: checking for g++ option to produce PIC
configure:16301: result: -fPIC
configure:16309: checking if g++ PIC flag -fPIC works
configure:16327: g++ -c -g -O2  -fPIC -DPIC conftest.cpp >&5
configure:16331: $? = 0
configure:16344: result: yes
configure:16372: checking if g++ static flag -static works
configure:16400: result: yes
configure:16410: checking if g++ supports -c -o file.o
configure:16431: g++ -c -g -O2  -o out/conftest2.o conftest.cpp >&5
configure:16435: $? = 0
configure:16457: result: yes
configure:16483: checking whether the g++ linker (/usr/bin/ld) supports shared libraries
configure:16512: result: yes
configure:16579: checking dynamic linker characteristics
configure:17141: result: GNU/Linux ld.so
configure:17165: checking how to hardcode library paths into programs
configure:17190: result: immediate
configure:23489: checking for pkg-config
configure:23507: found /usr/bin/pkg-config
configure:23519: result: /usr/bin/pkg-config
configure:23548: checking pkg-config is at least version 0.9.0
configure:23551: result: yes
configure:23562: checking for GVPN
configure:23570: $PKG_CONFIG --exists --print-errors "libgnome-2.0 >= 2.14 libgnomeui-2.0 >= 2.14 libglade-2.0 >= 2.6.0"
configure:23573: $? = 0
configure:23588: $PKG_CONFIG --exists --print-errors "libgnome-2.0 >= 2.14 libgnomeui-2.0 >= 2.14 libglade-2.0 >= 2.6.0"
configure:23591: $? = 0
configure:23667: result: yes
configure:23825: creating ./config.status

## ---------------------- ##
## Running config.status. ##
## ---------------------- ##

This file was extended by gvpn config.status 0.1, which was
generated by GNU Autoconf 2.61.  Invocation command line was

  CONFIG_FILES    = 
  CONFIG_HEADERS  = 
  CONFIG_LINKS    = 
  CONFIG_COMMANDS = 
  $ ./config.status 

on punkoff

config.status:721: creating Makefile
config.status:721: creating src/Makefile
config.status:721: creating po/Makefile.in
config.status:721: creating config.h
config.status:955: config.h is unchanged
config.status:1002: executing depfiles commands
config.status:1002: executing default-1 commands
config.status:1002: executing intltool commands
config.status:1002: executing po/stamp-it commands

## ---------------- ##
## Cache variables. ##
## ---------------- ##

ac_cv_build=i686-pc-linux-gnu
ac_cv_c_compiler_gnu=yes
ac_cv_cxx_compiler_gnu=yes
ac_cv_env_CCC_set=
ac_cv_env_CCC_value=
ac_cv_env_CC_set=
ac_cv_env_CC_value=
ac_cv_env_CFLAGS_set=
ac_cv_env_CFLAGS_value=
ac_cv_env_CPPFLAGS_set=
ac_cv_env_CPPFLAGS_value=
ac_cv_env_CPP_set=
ac_cv_env_CPP_value=
ac_cv_env_CXXCPP_set=
ac_cv_env_CXXCPP_value=
ac_cv_env_CXXFLAGS_set=
ac_cv_env_CXXFLAGS_value=
ac_cv_env_CXX_set=
ac_cv_env_CXX_value=
ac_cv_env_F77_set=
ac_cv_env_F77_value=
ac_cv_env_FFLAGS_set=
ac_cv_env_FFLAGS_value=
ac_cv_env_GVPN_CFLAGS_set=
ac_cv_env_GVPN_CFLAGS_value=
ac_cv_env_GVPN_LIBS_set=
ac_cv_env_GVPN_LIBS_value=
ac_cv_env_LDFLAGS_set=
ac_cv_env_LDFLAGS_value=
ac_cv_env_LIBS_set=
ac_cv_env_LIBS_value=
ac_cv_env_PKG_CONFIG_set=
ac_cv_env_PKG_CONFIG_value=
ac_cv_env_build_alias_set=
ac_cv_env_build_alias_value=
ac_cv_env_host_alias_set=
ac_cv_env_host_alias_value=
ac_cv_env_target_alias_set=
ac_cv_env_target_alias_value=
ac_cv_f77_compiler_gnu=no
ac_cv_func_bind_textdomain_codeset=yes
ac_cv_func_dcgettext=yes
ac_cv_header_dlfcn_h=yes
ac_cv_header_inttypes_h=yes
ac_cv_header_libintl_h=yes
ac_cv_header_locale_h=yes
ac_cv_header_memory_h=yes
ac_cv_header_stdc=yes
ac_cv_header_stdint_h=yes
ac_cv_header_stdlib_h=yes
ac_cv_header_string_h=yes
ac_cv_header_strings_h=yes
ac_cv_header_sys_stat_h=yes
ac_cv_header_sys_types_h=yes
ac_cv_header_unistd_h=yes
ac_cv_host=i686-pc-linux-gnu
ac_cv_objext=o
ac_cv_path_EGREP='/bin/grep -E'
ac_cv_path_GMSGFMT=/usr/bin/msgfmt
ac_cv_path_GREP=/bin/grep
ac_cv_path_INTLTOOL_PERL=/usr/bin/perl
ac_cv_path_MSGFMT=/usr/bin/msgfmt
ac_cv_path_MSGMERGE=/usr/bin/msgmerge
ac_cv_path_XGETTEXT=/usr/bin/xgettext
ac_cv_path_ac_pt_PKG_CONFIG=/usr/bin/pkg-config
ac_cv_path_install='/usr/bin/install -c'
ac_cv_path_mkdir=/bin/mkdir
ac_cv_prog_AWK=gawk
ac_cv_prog_CPP='gcc -E'
ac_cv_prog_CXXCPP='g++ -E'
ac_cv_prog_ac_ct_AR=ar
ac_cv_prog_ac_ct_CC=gcc
ac_cv_prog_ac_ct_CXX=g++
ac_cv_prog_ac_ct_RANLIB=ranlib
ac_cv_prog_ac_ct_STRIP=strip
ac_cv_prog_cc_c89=
ac_cv_prog_cc_g=yes
ac_cv_prog_cxx_g=yes
ac_cv_prog_f77_g=no
ac_cv_prog_make_make_set=yes
ac_cv_search_strerror='none required'
am_cv_CC_dependencies_compiler_type=gcc3
am_cv_CXX_dependencies_compiler_type=gcc3
am_cv_prog_cc_stdc=
am_cv_val_LC_MESSAGES=yes
gt_cv_func_dgettext_libc=yes
gt_cv_func_dgettext_libintl=no
gt_cv_func_ngettext_libc=yes
gt_cv_have_gettext=yes
lt_cv_deplibs_check_method=pass_all
lt_cv_file_magic_cmd='$MAGIC_CMD'
lt_cv_file_magic_test_file=
lt_cv_ld_reload_flag=-r
lt_cv_objdir=.libs
lt_cv_path_LD=/usr/bin/ld
lt_cv_path_LDCXX=/usr/bin/ld
lt_cv_path_NM='/usr/bin/nm -B'
lt_cv_path_SED=/bin/sed
lt_cv_prog_compiler_c_o=yes
lt_cv_prog_compiler_c_o_CXX=yes
lt_cv_prog_compiler_pic_works=yes
lt_cv_prog_compiler_pic_works_CXX=yes
lt_cv_prog_compiler_rtti_exceptions=no
lt_cv_prog_compiler_static_works=yes
lt_cv_prog_compiler_static_works_CXX=yes
lt_cv_prog_gnu_ld=yes
lt_cv_prog_gnu_ldcxx=yes
lt_cv_sys_global_symbol_pipe='sed -n -e '\''s/^.*[ 	]\([ABCDGIRSTW][ABCDGIRSTW]*\)[ 	][ 	]*\([_A-Za-z][_A-Za-z0-9]*\)$/\1 \2 \2/p'\'''
lt_cv_sys_global_symbol_to_c_name_address='sed -n -e '\''s/^: \([^ ]*\) $/  {\"\1\", (lt_ptr) 0},/p'\'' -e '\''s/^[BCDEGRST] \([^ ]*\) \([^ ]*\)$/  {"\2", (lt_ptr) \&\2},/p'\'''
lt_cv_sys_global_symbol_to_cdecl='sed -n -e '\''s/^. .* \(.*\)$/extern int \1;/p'\'''
lt_cv_sys_lib_dlsearch_path_spec='/lib /usr/lib /lib/i486-linux-gnu /usr/lib/i486-linux-gnu /usr/lib/kde4/lib /usr/local/lib '
lt_cv_sys_lib_search_path_spec='/usr/lib/gcc/i486-linux-gnu/4.2.3 /usr/lib /lib'
lt_cv_sys_max_cmd_len=98304
lt_lt_cv_prog_compiler_c_o='"yes"'
lt_lt_cv_prog_compiler_c_o_CXX='"yes"'
lt_lt_cv_sys_global_symbol_pipe='"sed -n -e '\''s/^.*[ 	]\\([ABCDGIRSTW][ABCDGIRSTW]*\\)[ 	][ 	]*\\([_A-Za-z][_A-Za-z0-9]*\\)\$/\\1 \\2 \\2/p'\''"'
lt_lt_cv_sys_global_symbol_to_c_name_address='"sed -n -e '\''s/^: \\([^ ]*\\) \$/  {\\\"\\1\\\", (lt_ptr) 0},/p'\'' -e '\''s/^[BCDEGRST] \\([^ ]*\\) \\([^ ]*\\)\$/  {\"\\2\", (lt_ptr) \\&\\2},/p'\''"'
lt_lt_cv_sys_global_symbol_to_cdecl='"sed -n -e '\''s/^. .* \\(.*\\)\$/extern int \\1;/p'\''"'
pkg_cv_GVPN_CFLAGS='-DORBIT2=1 -pthread -I/usr/include/libgnome-2.0 -I/usr/include/orbit-2.0 -I/usr/include/gconf/2 -I/usr/include/gnome-vfs-2.0 -I/usr/lib/gnome-vfs-2.0/include -I/usr/include/glib-2.0 -I/usr/lib/glib-2.0/include -I/usr/include/libbonobo-2.0 -I/usr/include/bonobo-activation-2.0 -I/usr/include/libgnomeui-2.0 -I/usr/include/libart-2.0 -I/usr/include/gnome-keyring-1 -I/usr/include/libbonoboui-2.0 -I/usr/include/libgnomecanvas-2.0 -I/usr/include/gtk-2.0 -I/usr/include/libxml2 -I/usr/include/pango-1.0 -I/usr/include/gail-1.0 -I/usr/include/freetype2 -I/usr/include/atk-1.0 -I/usr/lib/gtk-2.0/include -I/usr/include/cairo -I/usr/include/libpng12 -I/usr/include/pixman-1 -I/usr/include/libglade-2.0  '
pkg_cv_GVPN_LIBS='-pthread -lgnomeui-2 -lSM -lICE -lbonoboui-2 -lgnomevfs-2 -lgnomecanvas-2 -lgnome-2 -lpopt -lbonobo-2 -lbonobo-activation -lORBit-2 -lart_lgpl_2 -lgconf-2 -lgthread-2.0 -lrt -lglade-2.0 -lgtk-x11-2.0 -lxml2 -lgdk-x11-2.0 -latk-1.0 -lgdk_pixbuf-2.0 -lm -lpangocairo-1.0 -lpango-1.0 -lcairo -lgobject-2.0 -lgmodule-2.0 -ldl -lglib-2.0  '

## ----------------- ##
## Output variables. ##
## ----------------- ##

ACLOCAL='${SHELL} /home/john/work/gvpn/gvpn/missing --run aclocal-1.10'
ALL_LINGUAS=''
AMDEPBACKSLASH='\'
AMDEP_FALSE='#'
AMDEP_TRUE=''
AMTAR='${SHELL} /home/john/work/gvpn/gvpn/missing --run tar'
AR='ar'
AUTOCONF='${SHELL} /home/john/work/gvpn/gvpn/missing --run autoconf'
AUTOHEADER='${SHELL} /home/john/work/gvpn/gvpn/missing --run autoheader'
AUTOMAKE='${SHELL} /home/john/work/gvpn/gvpn/missing --run automake-1.10'
AWK='gawk'
CATALOGS=''
CATOBJEXT='.gmo'
CC='gcc'
CCDEPMODE='depmode=gcc3'
CFLAGS='-g -O2'
CPP='gcc -E'
CPPFLAGS=''
CXX='g++'
CXXCPP='g++ -E'
CXXDEPMODE='depmode=gcc3'
CXXFLAGS='-g -O2'
CYGPATH_W='echo'
DATADIRNAME='share'
DEFS='-DHAVE_CONFIG_H'
DEPDIR='.deps'
DSYMUTIL=''
ECHO='echo'
ECHO_C=''
ECHO_N='-n'
ECHO_T=''
EGREP='/bin/grep -E'
EXEEXT=''
F77=''
FFLAGS=''
GETTEXT_PACKAGE='gvpn'
GMOFILES=''
GMSGFMT='/usr/bin/msgfmt'
GREP='/bin/grep'
GVPN_CFLAGS='-DORBIT2=1 -pthread -I/usr/include/libgnome-2.0 -I/usr/include/orbit-2.0 -I/usr/include/gconf/2 -I/usr/include/gnome-vfs-2.0 -I/usr/lib/gnome-vfs-2.0/include -I/usr/include/glib-2.0 -I/usr/lib/glib-2.0/include -I/usr/include/libbonobo-2.0 -I/usr/include/bonobo-activation-2.0 -I/usr/include/libgnomeui-2.0 -I/usr/include/libart-2.0 -I/usr/include/gnome-keyring-1 -I/usr/include/libbonoboui-2.0 -I/usr/include/libgnomecanvas-2.0 -I/usr/include/gtk-2.0 -I/usr/include/libxml2 -I/usr/include/pango-1.0 -I/usr/include/gail-1.0 -I/usr/include/freetype2 -I/usr/include/atk-1.0 -I/usr/lib/gtk-2.0/include -I/usr/include/cairo -I/usr/include/libpng12 -I/usr/include/pixman-1 -I/usr/include/libglade-2.0  '
GVPN_LIBS='-pthread -lgnomeui-2 -lSM -lICE -lbonoboui-2 -lgnomevfs-2 -lgnomecanvas-2 -lgnome-2 -lpopt -lbonobo-2 -lbonobo-activation -lORBit-2 -lart_lgpl_2 -lgconf-2 -lgthread-2.0 -lrt -lglade-2.0 -lgtk-x11-2.0 -lxml2 -lgdk-x11-2.0 -latk-1.0 -lgdk_pixbuf-2.0 -lm -lpangocairo-1.0 -lpango-1.0 -lcairo -lgobject-2.0 -lgmodule-2.0 -ldl -lglib-2.0  '
INSTALL_DATA='${INSTALL} -m 644'
INSTALL_PROGRAM='${INSTALL}'
INSTALL_SCRIPT='${INSTALL}'
INSTALL_STRIP_PROGRAM='$(install_sh) -c -s'
INSTOBJEXT='.mo'
INTLLIBS=''
INTLTOOL_CAVES_RULE='%.caves:     %.caves.in     $(INTLTOOL_MERGE) $(wildcard $(top_srcdir)/po/*.po) ; LC_ALL=C $(INTLTOOL_MERGE) -d -u -c $(top_builddir)/po/.intltool-merge-cache $(top_srcdir)/po $< $@'
INTLTOOL_DESKTOP_RULE='%.desktop:   %.desktop.in   $(INTLTOOL_MERGE) $(wildcard $(top_srcdir)/po/*.po) ; LC_ALL=C $(INTLTOOL_MERGE) -d -u -c $(top_builddir)/po/.intltool-merge-cache $(top_srcdir)/po $< $@'
INTLTOOL_DIRECTORY_RULE='%.directory: %.directory.in $(INTLTOOL_MERGE) $(wildcard $(top_srcdir)/po/*.po) ; LC_ALL=C $(INTLTOOL_MERGE) -d -u -c $(top_builddir)/po/.intltool-merge-cache $(top_srcdir)/po $< $@'
INTLTOOL_EXTRACT='$(top_builddir)/intltool-extract'
INTLTOOL_KBD_RULE='%.kbd:       %.kbd.in       $(INTLTOOL_MERGE) $(wildcard $(top_srcdir)/po/*.po) ; LC_ALL=C $(INTLTOOL_MERGE) -x -u -m -c $(top_builddir)/po/.intltool-merge-cache $(top_srcdir)/po $< $@'
INTLTOOL_KEYS_RULE='%.keys:      %.keys.in      $(INTLTOOL_MERGE) $(wildcard $(top_srcdir)/po/*.po) ; LC_ALL=C $(INTLTOOL_MERGE) -k -u -c $(top_builddir)/po/.intltool-merge-cache $(top_srcdir)/po $< $@'
INTLTOOL_MERGE='$(top_builddir)/intltool-merge'
INTLTOOL_OAF_RULE='%.oaf:       %.oaf.in       $(INTLTOOL_MERGE) $(wildcard $(top_srcdir)/po/*.po) ; LC_ALL=C $(INTLTOOL_MERGE) -o -p $(top_srcdir)/po $< $@'
INTLTOOL_PERL='/usr/bin/perl'
INTLTOOL_POLICY_RULE='%.policy:    %.policy.in    $(INTLTOOL_MERGE) $(wildcard $(top_srcdir)/po/*.po) ; LC_ALL=C $(INTLTOOL_MERGE) -x -u -c $(top_builddir)/po/.intltool-merge-cache $(top_srcdir)/po $< $@'
INTLTOOL_PONG_RULE='%.pong:      %.pong.in      $(INTLTOOL_MERGE) $(wildcard $(top_srcdir)/po/*.po) ; LC_ALL=C $(INTLTOOL_MERGE) -x -u -c $(top_builddir)/po/.intltool-merge-cache $(top_srcdir)/po $< $@'
INTLTOOL_PROP_RULE='%.prop:      %.prop.in      $(INTLTOOL_MERGE) $(wildcard $(top_srcdir)/po/*.po) ; LC_ALL=C $(INTLTOOL_MERGE) -d -u -c $(top_builddir)/po/.intltool-merge-cache $(top_srcdir)/po $< $@'
INTLTOOL_SCHEMAS_RULE='%.schemas:   %.schemas.in   $(INTLTOOL_MERGE) $(wildcard $(top_srcdir)/po/*.po) ; LC_ALL=C $(INTLTOOL_MERGE) -s -u -c $(top_builddir)/po/.intltool-merge-cache $(top_srcdir)/po $< $@'
INTLTOOL_SERVER_RULE='%.server:    %.server.in    $(INTLTOOL_MERGE) $(wildcard $(top_srcdir)/po/*.po) ; LC_ALL=C $(INTLTOOL_MERGE) -o -u -c $(top_builddir)/po/.intltool-merge-cache $(top_srcdir)/po $< $@'
INTLTOOL_SERVICE_RULE='%.service: %.service.in   $(INTLTOOL_MERGE) $(wildcard $(top_srcdir)/po/*.po) ; LC_ALL=C $(INTLTOOL_MERGE) -d -u -c $(top_builddir)/po/.intltool-merge-cache $(top_srcdir)/po $< $@'
INTLTOOL_SHEET_RULE='%.sheet:     %.sheet.in     $(INTLTOOL_MERGE) $(wildcard $(top_srcdir)/po/*.po) ; LC_ALL=C $(INTLTOOL_MERGE) -x -u -c $(top_builddir)/po/.intltool-merge-cache $(top_srcdir)/po $< $@'
INTLTOOL_SOUNDLIST_RULE='%.soundlist: %.soundlist.in $(INTLTOOL_MERGE) $(wildcard $(top_srcdir)/po/*.po) ; LC_ALL=C $(INTLTOOL_MERGE) -d -u -c $(top_builddir)/po/.intltool-merge-cache $(top_srcdir)/po $< $@'
INTLTOOL_THEME_RULE='%.theme:     %.theme.in     $(INTLTOOL_MERGE) $(wildcard $(top_srcdir)/po/*.po) ; LC_ALL=C $(INTLTOOL_MERGE) -d -u -c $(top_builddir)/po/.intltool-merge-cache $(top_srcdir)/po $< $@'
INTLTOOL_UI_RULE='%.ui:        %.ui.in        $(INTLTOOL_MERGE) $(wildcard $(top_srcdir)/po/*.po) ; LC_ALL=C $(INTLTOOL_MERGE) -x -u -c $(top_builddir)/po/.intltool-merge-cache $(top_srcdir)/po $< $@'
INTLTOOL_UPDATE='$(top_builddir)/intltool-update'
INTLTOOL_XAM_RULE='%.xam:       %.xml.in       $(INTLTOOL_MERGE) $(wildcard $(top_srcdir)/po/*.po) ; LC_ALL=C $(INTLTOOL_MERGE) -x -u -c $(top_builddir)/po/.intltool-merge-cache $(top_srcdir)/po $< $@'
INTLTOOL_XML_NOMERGE_RULE='%.xml:       %.xml.in       $(INTLTOOL_MERGE) ; LC_ALL=C $(INTLTOOL_MERGE) -x -u /tmp $< $@'
INTLTOOL_XML_RULE='%.xml:       %.xml.in       $(INTLTOOL_MERGE) $(wildcard $(top_srcdir)/po/*.po) ; LC_ALL=C $(INTLTOOL_MERGE) -x -u -c $(top_builddir)/po/.intltool-merge-cache $(top_srcdir)/po $< $@'
LDFLAGS=''
LIBOBJS=''
LIBS=''
LIBTOOL='$(SHELL) $(top_builddir)/libtool'
LN_S='ln -s'
LTLIBOBJS=''
MAINT='#'
MAINTAINER_MODE_FALSE=''
MAINTAINER_MODE_TRUE='#'
MAKEINFO='${SHELL} /home/john/work/gvpn/gvpn/missing --run makeinfo'
MKINSTALLDIRS='./mkinstalldirs'
MSGFMT='/usr/bin/msgfmt'
MSGFMT_OPTS='-c'
MSGMERGE='/usr/bin/msgmerge'
NMEDIT=''
OBJEXT='o'
PACKAGE='gvpn'
PACKAGE_BUGREPORT=''
PACKAGE_NAME='gvpn'
PACKAGE_STRING='gvpn 0.1'
PACKAGE_TARNAME='gvpn'
PACKAGE_VERSION='0.1'
PATH_SEPARATOR=':'
PKG_CONFIG='/usr/bin/pkg-config'
POFILES=''
POSUB='po'
PO_IN_DATADIR_FALSE=''
PO_IN_DATADIR_TRUE=''
RANLIB='ranlib'
SED='/bin/sed'
SET_MAKE=''
SHELL='/bin/bash'
STRIP='strip'
USE_NLS='yes'
VERSION='0.1'
XGETTEXT='/usr/bin/xgettext'
ac_ct_CC='gcc'
ac_ct_CXX='g++'
ac_ct_F77=''
am__fastdepCC_FALSE='#'
am__fastdepCC_TRUE=''
am__fastdepCXX_FALSE='#'
am__fastdepCXX_TRUE=''
am__include='include'
am__isrc=''
am__leading_dot='.'
am__quote=''
am__tar='${AMTAR} chof - "$$tardir"'
am__untar='${AMTAR} xf -'
bindir='${exec_prefix}/bin'
build='i686-pc-linux-gnu'
build_alias=''
build_cpu='i686'
build_os='linux-gnu'
build_vendor='pc'
datadir='${datarootdir}'
datarootdir='${prefix}/share'
docdir='${datarootdir}/doc/${PACKAGE_TARNAME}'
dvidir='${docdir}'
exec_prefix='${prefix}'
host='i686-pc-linux-gnu'
host_alias=''
host_cpu='i686'
host_os='linux-gnu'
host_vendor='pc'
htmldir='${docdir}'
includedir='${prefix}/include'
infodir='${datarootdir}/info'
install_sh='$(SHELL) /home/john/work/gvpn/gvpn/install-sh'
libdir='${exec_prefix}/lib'
libexecdir='${exec_prefix}/libexec'
localedir='${datarootdir}/locale'
localstatedir='${prefix}/var'
mandir='${datarootdir}/man'
mkdir_p='/bin/mkdir -p'
oldincludedir='/usr/include'
pdfdir='${docdir}'
prefix='/usr/local'
program_transform_name='s,x,x,'
psdir='${docdir}'
sbindir='${exec_prefix}/sbin'
sharedstatedir='${prefix}/com'
sysconfdir='${prefix}/etc'
target_alias=''

## ----------- ##
## confdefs.h. ##
## ----------- ##

#define PACKAGE_NAME "gvpn"
#define PACKAGE_TARNAME "gvpn"
#define PACKAGE_VERSION "0.1"
#define PACKAGE_STRING "gvpn 0.1"
#define PACKAGE_BUGREPORT ""
#define PACKAGE "gvpn"
#define VERSION "0.1"
#define STDC_HEADERS 1
#define GETTEXT_PACKAGE "gvpn"
#define HAVE_SYS_TYPES_H 1
#define HAVE_SYS_STAT_H 1
#define HAVE_STDLIB_H 1
#define HAVE_STRING_H 1
#define HAVE_MEMORY_H 1
#define HAVE_STRINGS_H 1
#define HAVE_INTTYPES_H 1
#define HAVE_STDINT_H 1
#define HAVE_UNISTD_H 1
#define HAVE_LOCALE_H 1
#define HAVE_LC_MESSAGES 1
#define HAVE_BIND_TEXTDOMAIN_CODESET 1
#define HAVE_GETTEXT 1
#define HAVE_DCGETTEXT 1
#define ENABLE_NLS 1
#define HAVE_DLFCN_H 1

configure: exit 0
